#
# A fatal error has been detected by the Java Runtime Environment:
#
#  SIGSEGV (0xb) at pc=0x0000000000000000, pid=12896, tid=140676005598976
#
# JRE version: 6.0_24-b24
# Java VM: OpenJDK 64-Bit Server VM (20.0-b12 mixed mode linux-amd64 compressed oops)
# Derivative: IcedTea6 1.11.4
# Distribution: Ubuntu 10.04.1 LTS, package 6b24-1.11.4-1ubuntu0.10.04.1
# Problematic frame:
# C  0x0000000000000000
#
# If you would like to submit a bug report, please include
# instructions how to reproduce the bug and visit:
#   https://bugs.launchpad.net/ubuntu/+source/openjdk-6/
#

---------------  T H R E A D  ---------------

Current thread (0x00007ff1a810b800):  JavaThread "ContainerBackgroundProcessor[StandardEngine[Catalina]]" daemon [_thread_in_Java, id=12978, stack(0x00007ff1af479000,0x00007ff1af57a000)]

siginfo:si_signo=SIGSEGV: si_errno=0, si_code=1 (SEGV_MAPERR), si_addr=0x0000000000000000

Registers:
RAX=0xffffffffff600180, RBX=0x00007ff1af5785f0, RCX=0x0000000000000016, RDX=0xffffffffff600180
RSP=0x00007ff1af578598, RBP=0x00007ff1af5785b0, RSI=0x0000000000000000, RDI=0x00007ff1af5785f0
R8 =0x00000000d5d254c0, R9 =0x0000000000000000, R10=0x00007ff1b5e85a30, R11=0x00000000f5bb6b20
R12=0x000000000206fe0c, R13=0x00007ff1b0be52e8, R14=0x00000000e050a7e0, R15=0x00007ff1a810b800
RIP=0x0000000000000000, EFLAGS=0x0000000000010246, CSGSFS=0x0000000000000033, ERR=0x0000000000000014
  TRAPNO=0x000000000000000e

Top of Stack: (sp=0x00007ff1af578598)
0x00007ff1af578598:   00007fff8ecae714 00007ff1af5785f0
0x00007ff1af5785a8:   0000000000000000 00007ff1af5785d0
0x00007ff1af5785b8:   00007fff8ecae7bd 00000000cd5a72ca
0x00007ff1af5785c8:   0000000000000000 00007ff1af578600
0x00007ff1af5785d8:   00007ff1b649715a 00007ff1a810b9d0
0x00007ff1af5785e8:   00007ff1b5e85a43 0000000050e88024
0x00007ff1af5785f8:   000000003262a4d0 00000000d5d260b0
0x00007ff1af578608:   00007ff1b0bc6d75 00007ff1b0a6a8da
0x00007ff1af578618:   0000000000000000 00000000e050a7e0
0x00007ff1af578628:   00000000d5d254c0 00000000d5fa2b90
0x00007ff1af578638:   00007ff1af578638 00000000f5bb0916
0x00007ff1af578648:   00000000e04fc8d0 00000000e050a7e0
0x00007ff1af578658:   00000000f9154358 00000000f5bb0930
0x00007ff1af578668:   0000000000000000 00007ff1af578690
0x00007ff1af578678:   00000000e050a7e0 00000000000000c8
0x00007ff1af578688:   00007ff1b0be52a4 00000000d5fa2860
0x00007ff1af578698:   00000000e05756b8 000000c800000008
0x00007ff1af5786a8:   00000000e04fc8d0 00000000d5fa2860
0x00007ff1af5786b8:   00000000d5fa2b90 00000000000000c7
0x00007ff1af5786c8:   0000000050bf8d9e 000000002f1a78c9
0x00007ff1af5786d8:   0000000000000000 00000000d5fa2420
0x00007ff1af5786e8:   00007ff1b0e7fa1c 00000000e0577738
0x00007ff1af5786f8:   00000000d5fa1cc0 e04fc8d0e04e9ea8
0x00007ff1af578708:   00000000e3aded18 00000000e04e9ea8
0x00007ff1af578718:   0000000000000000 00000000d5fa2710
0x00007ff1af578728:   00000000d5fa1e50 00000000e04fc8d0
0x00007ff1af578738:   00000000e3aded18 00000000d5fa2420
0x00007ff1af578748:   00007ff1b0a6aa33 0000000000000009
0x00007ff1af578758:   00007ff1af578758 00000000e3aded18
0x00007ff1af578768:   00007ff1b1271cc8 00000000e0577738
0x00007ff1af578778:   00000000e3aded18 00000000e37007f8
0x00007ff1af578788:   0000000000000000 00000000e3aded18 

Instructions: (pc=0x0000000000000000)
0xffffffffffffffe0:   

Register to memory mapping:

RAX=0xffffffffff600180 is an unknown value
RBX=0x00007ff1af5785f0 is pointing into the stack for thread: 0x00007ff1a810b800
RCX=0x0000000000000016 is an unknown value
RDX=0xffffffffff600180 is an unknown value
RSP=0x00007ff1af578598 is pointing into the stack for thread: 0x00007ff1a810b800
RBP=0x00007ff1af5785b0 is pointing into the stack for thread: 0x00007ff1a810b800
RSI=0x0000000000000000 is an unknown value
RDI=0x00007ff1af5785f0 is pointing into the stack for thread: 0x00007ff1a810b800
R8 =0x00000000d5d254c0 is an oop
java.lang.String 
 - klass: 'java/lang/String'
R9 =0x0000000000000000 is an unknown value
R10=0x00007ff1b5e85a30: <offset 0x68aa30> in /usr/lib/jvm/java-6-openjdk/jre/lib/amd64/server/libjvm.so at 0x00007ff1b57fb000
R11=0x00000000f5bb6b20 is an oop
{instance class} 
 - klass: {other class}
R12=0x000000000206fe0c is an unknown value
R13=0x00007ff1b0be4d90 [CodeBlob (0x00007ff1b0be4d90)]
Framesize: 12
R14=0x00000000e050a7e0 is an oop
java.io.ExpiringCache$1 
 - klass: 'java/io/ExpiringCache$1'
R15=0x00007ff1a810b800 is a thread


Stack: [0x00007ff1af479000,0x00007ff1af57a000],  sp=0x00007ff1af578598,  free space=1021k

---------------  P R O C E S S  ---------------

Java Threads: ( => current thread )
  0x00000000036bb800 JavaThread "Timer-49" daemon [_thread_blocked, id=28557, stack(0x00007ff19ef42000,0x00007ff19f043000)]
  0x00007ff1a93ab000 JavaThread "Timer-45" daemon [_thread_blocked, id=27740, stack(0x00007ff19f346000,0x00007ff19f447000)]
  0x00007ff1ab190000 JavaThread "Thread-206" daemon [_thread_blocked, id=25141, stack(0x00007ff19f447000,0x00007ff19f548000)]
  0x0000000004697000 JavaThread "MultiThreadedHttpConnectionManager cleanup" daemon [_thread_blocked, id=25138, stack(0x00007ff19f548000,0x00007ff19f649000)]
  0x00007ff1a9efe800 JavaThread "AppDeploysStatusMonitor" daemon [_thread_in_vm, id=25137, stack(0x00007ff1a1d70000,0x00007ff1a1e71000)]
  0x00007ff1a8d6b800 JavaThread "Thread-203" daemon [_thread_blocked, id=25136, stack(0x00007ff19f649000,0x00007ff19f74a000)]
  0x00007ff1a8d6b000 JavaThread "Thread-202" daemon [_thread_blocked, id=25135, stack(0x00007ff19f74a000,0x00007ff19f84b000)]
  0x00007ff1a889d800 JavaThread "Timer-44" daemon [_thread_blocked, id=25134, stack(0x00007ff19f84b000,0x00007ff19f94c000)]
  0x00007ff1a889b800 JavaThread "Timer-43" daemon [_thread_blocked, id=25133, stack(0x00007ff19f94c000,0x00007ff19fa4d000)]
  0x00007ff1a9bc6800 JavaThread "AssetLocatorMonitor" daemon [_thread_blocked, id=25132, stack(0x00007ff19fa4d000,0x00007ff19fb4e000)]
  0x00007ff1ab04a000 JavaThread "Thread-198" daemon [_thread_blocked, id=25131, stack(0x00007ff19fb4e000,0x00007ff19fc4f000)]
  0x00007ff1a89ea000 JavaThread "Thread-197" daemon [_thread_blocked, id=25130, stack(0x00007ff19fc4f000,0x00007ff19fd50000)]
  0x00007ff1a89e8000 JavaThread "Thread-196" daemon [_thread_blocked, id=25129, stack(0x00007ff19fd50000,0x00007ff19fe51000)]
  0x00007ff1a89e6000 JavaThread "Thread-195" daemon [_thread_blocked, id=25128, stack(0x00007ff19fe51000,0x00007ff19ff52000)]
  0x00007ff1a89e4000 JavaThread "Thread-194" daemon [_thread_blocked, id=25127, stack(0x00007ff19ff52000,0x00007ff1a0053000)]
  0x00007ff1a8718000 JavaThread "Thread-193" daemon [_thread_blocked, id=25126, stack(0x00007ff1a0053000,0x00007ff1a0154000)]
  0x00007ff1a8716000 JavaThread "Thread-192" daemon [_thread_blocked, id=25125, stack(0x00007ff1a0154000,0x00007ff1a0255000)]
  0x00007ff1a8714000 JavaThread "Thread-191" daemon [_thread_blocked, id=25124, stack(0x00007ff1a0255000,0x00007ff1a0356000)]
  0x00007ff1ab2c8800 JavaThread "Thread-190" daemon [_thread_blocked, id=25123, stack(0x00007ff1a0356000,0x00007ff1a0457000)]
  0x00007ff1ab2c6800 JavaThread "Thread-189" daemon [_thread_blocked, id=25122, stack(0x00007ff1a0457000,0x00007ff1a0558000)]
  0x00007ff1ab2c4800 JavaThread "Thread-188" daemon [_thread_blocked, id=25121, stack(0x00007ff1a0558000,0x00007ff1a0659000)]
  0x00007ff1ab2c3800 JavaThread "Thread-187" daemon [_thread_blocked, id=25120, stack(0x00007ff1a0659000,0x00007ff1a075a000)]
  0x00007ff1a9cdd800 JavaThread "Thread-186" daemon [_thread_blocked, id=25119, stack(0x00007ff1a075a000,0x00007ff1a085b000)]
  0x00007ff1a9cdb800 JavaThread "Thread-185" daemon [_thread_blocked, id=25118, stack(0x00007ff1a085b000,0x00007ff1a095c000)]
  0x00007ff1a9cda000 JavaThread "Thread-184" daemon [_thread_blocked, id=25117, stack(0x00007ff1a095c000,0x00007ff1a0a5d000)]
  0x00007ff1a88f9000 JavaThread "Thread-183" daemon [_thread_blocked, id=25116, stack(0x00007ff1a0a5d000,0x00007ff1a0b5e000)]
  0x00007ff1a88f7000 JavaThread "Thread-182" daemon [_thread_blocked, id=25115, stack(0x00007ff1a0b5e000,0x00007ff1a0c5f000)]
  0x00007ff1a88f5000 JavaThread "Thread-181" daemon [_thread_blocked, id=25114, stack(0x00007ff1a0c5f000,0x00007ff1a0d60000)]
  0x00007ff1ab1d3800 JavaThread "Thread-180" daemon [_thread_blocked, id=25113, stack(0x00007ff1a0d60000,0x00007ff1a0e61000)]
  0x00007ff1ab1d1800 JavaThread "Thread-179" daemon [_thread_blocked, id=25112, stack(0x00007ff1a0e61000,0x00007ff1a0f62000)]
  0x00007ff1ab1d0000 JavaThread "Thread-178" daemon [_thread_blocked, id=25111, stack(0x00007ff1a0f62000,0x00007ff1a1063000)]
  0x00007ff1a8795000 JavaThread "Thread-177" daemon [_thread_blocked, id=25110, stack(0x00007ff1a1063000,0x00007ff1a1164000)]
  0x00007ff1a8793000 JavaThread "Thread-176" daemon [_thread_blocked, id=25109, stack(0x00007ff1a1164000,0x00007ff1a1265000)]
  0x00007ff1a911c800 JavaThread "Thread-175" daemon [_thread_blocked, id=25108, stack(0x00007ff1a1265000,0x00007ff1a1366000)]
  0x00007ff1a911a800 JavaThread "Thread-174" daemon [_thread_blocked, id=25107, stack(0x00007ff1a1366000,0x00007ff1a1467000)]
  0x00007ff1a9119000 JavaThread "Thread-173" daemon [_thread_blocked, id=25106, stack(0x00007ff1a1568000,0x00007ff1a1669000)]
  0x00007ff1a8138800 JavaThread "Thread-172" daemon [_thread_blocked, id=25105, stack(0x00007ff1a1669000,0x00007ff1a176a000)]
  0x00007ff1a8137800 JavaThread "Thread-171" daemon [_thread_blocked, id=25104, stack(0x00007ff1ac40b000,0x00007ff1ac50c000)]
  0x00007ff1a8137000 JavaThread "Thread-170" daemon [_thread_blocked, id=25103, stack(0x00007ff1a4af8000,0x00007ff1a4bf9000)]
  0x00007ff1a8136000 JavaThread "Thread-169" daemon [_thread_blocked, id=25102, stack(0x00007ff1a49f7000,0x00007ff1a4af8000)]
  0x00007ff1a8135800 JavaThread "Thread-168" daemon [_thread_blocked, id=25101, stack(0x00007ff1a4cfa000,0x00007ff1a4dfb000)]
  0x00007ff1a8134800 JavaThread "Timer-42" daemon [_thread_in_Java, id=25100, stack(0x00007ff1a4bf9000,0x00007ff1a4cfa000)]
  0x00007ff1a8d71000 JavaThread "MaintThread" daemon [_thread_blocked, id=25099, stack(0x00007ff1ae937000,0x00007ff1aea38000)]
  0x0000000003852000 JavaThread "Timer-40" daemon [_thread_blocked, id=25098, stack(0x00007ff1afed7000,0x00007ff1affd8000)]
  0x00007ff1a9321000 JavaThread "com.mchange.v2.async.ThreadPoolAsynchronousRunner$PoolThread-#2" daemon [_thread_blocked, id=25095, stack(0x00007ff1a48f6000,0x00007ff1a49f7000)]
  0x00007ff1a9320000 JavaThread "com.mchange.v2.async.ThreadPoolAsynchronousRunner$PoolThread-#1" daemon [_thread_blocked, id=25094, stack(0x00007ff1ac30a000,0x00007ff1ac40b000)]
  0x00007ff1a93f0800 JavaThread "com.mchange.v2.async.ThreadPoolAsynchronousRunner$PoolThread-#0" daemon [_thread_blocked, id=25093, stack(0x00007ff1a186b000,0x00007ff1a196c000)]
  0x00007ff1a93f0000 JavaThread "Timer-38" daemon [_thread_blocked, id=25092, stack(0x00007ff1a1b6e000,0x00007ff1a1c6f000)]
  0x00007ff1a800e000 JavaThread "com.mchange.v2.async.ThreadPoolAsynchronousRunner$PoolThread-#2" daemon [_thread_blocked, id=25088, stack(0x00007ff1a1c6f000,0x00007ff1a1d70000)]
  0x00007ff1a803e800 JavaThread "com.mchange.v2.async.ThreadPoolAsynchronousRunner$PoolThread-#1" daemon [_thread_blocked, id=25087, stack(0x00007ff1aeb39000,0x00007ff1aec3a000)]
  0x00007ff1a803d800 JavaThread "com.mchange.v2.async.ThreadPoolAsynchronousRunner$PoolThread-#0" daemon [_thread_blocked, id=25086, stack(0x00007ff1aee3c000,0x00007ff1aef3d000)]
  0x00007ff1a803c800 JavaThread "Timer-34" daemon [_thread_blocked, id=25085, stack(0x00007ff1a1467000,0x00007ff1a1568000)]
  0x0000000001d81000 JavaThread "MultiThreadedHttpConnectionManager cleanup" daemon [_thread_blocked, id=25078, stack(0x00007ff1a176a000,0x00007ff1a186b000)]
  0x00007ff1a8900000 JavaThread "Thread-147" daemon [_thread_blocked, id=25076, stack(0x00007ff1a196c000,0x00007ff1a1a6d000)]
  0x00007ff1a88ff000 JavaThread "Thread-146" daemon [_thread_blocked, id=25075, stack(0x00007ff1a1a6d000,0x00007ff1a1b6e000)]
  0x00007ff1a8e3a800 JavaThread "Thread-142" daemon [_thread_blocked, id=25071, stack(0x00007ff1a1e71000,0x00007ff1a1f72000)]
  0x00007ff1a8beb000 JavaThread "Thread-141" daemon [_thread_blocked, id=25070, stack(0x00007ff1a1f72000,0x00007ff1a2073000)]
  0x00007ff1a8be9000 JavaThread "Thread-140" daemon [_thread_blocked, id=25069, stack(0x00007ff1a2073000,0x00007ff1a2174000)]
  0x00007ff1a8be7800 JavaThread "Thread-139" daemon [_thread_blocked, id=25068, stack(0x00007ff1a2174000,0x00007ff1a2275000)]
  0x00007ff1ab087800 JavaThread "Thread-138" daemon [_thread_blocked, id=25067, stack(0x00007ff1a2275000,0x00007ff1a2376000)]
  0x00007ff1ab085800 JavaThread "Thread-137" daemon [_thread_blocked, id=25066, stack(0x00007ff1a2376000,0x00007ff1a2477000)]
  0x00007ff1aae31800 JavaThread "Thread-136" daemon [_thread_blocked, id=25065, stack(0x00007ff1a2477000,0x00007ff1a2578000)]
  0x00007ff1aae2f800 JavaThread "Thread-135" daemon [_thread_blocked, id=25064, stack(0x00007ff1a2578000,0x00007ff1a2679000)]
  0x00007ff1aae2e800 JavaThread "Thread-134" daemon [_thread_blocked, id=25063, stack(0x00007ff1a2679000,0x00007ff1a277a000)]
  0x00007ff1a9274800 JavaThread "Thread-133" daemon [_thread_blocked, id=25062, stack(0x00007ff1a277a000,0x00007ff1a287b000)]
  0x00007ff1a9272800 JavaThread "Thread-132" daemon [_thread_blocked, id=25061, stack(0x00007ff1a287b000,0x00007ff1a297c000)]
  0x00007ff1a919c800 JavaThread "Thread-131" daemon [_thread_blocked, id=25060, stack(0x00007ff1a297c000,0x00007ff1a2a7d000)]
  0x00007ff1a919a800 JavaThread "Thread-130" daemon [_thread_blocked, id=25059, stack(0x00007ff1a2a7d000,0x00007ff1a2b7e000)]
  0x00007ff1a8b45000 JavaThread "Thread-129" daemon [_thread_blocked, id=25058, stack(0x00007ff1a2b7e000,0x00007ff1a2c7f000)]
  0x00007ff1a8b43000 JavaThread "Thread-128" daemon [_thread_blocked, id=25057, stack(0x00007ff1a2c7f000,0x00007ff1a2d80000)]
  0x00007ff1a885c000 JavaThread "Thread-127" daemon [_thread_blocked, id=25056, stack(0x00007ff1a2d80000,0x00007ff1a2e81000)]
  0x00007ff1a885a800 JavaThread "Thread-126" daemon [_thread_blocked, id=25055, stack(0x00007ff1a2e81000,0x00007ff1a2f82000)]
  0x00007ff1a9a21000 JavaThread "Thread-125" daemon [_thread_blocked, id=25054, stack(0x00007ff1a2f82000,0x00007ff1a3083000)]
  0x00007ff1a9a1f000 JavaThread "Thread-124" daemon [_thread_blocked, id=25053, stack(0x00007ff1a3083000,0x00007ff1a3184000)]
  0x00007ff1aadac000 JavaThread "Thread-123" daemon [_thread_blocked, id=25052, stack(0x00007ff1a3184000,0x00007ff1a3285000)]
  0x00007ff1a85f9800 JavaThread "Thread-122" daemon [_thread_blocked, id=25051, stack(0x00007ff1a3285000,0x00007ff1a3386000)]
  0x00007ff1a85f8000 JavaThread "Thread-121" daemon [_thread_blocked, id=25050, stack(0x00007ff1a6a0f000,0x00007ff1a6b10000)]
  0x00007ff1a85f7000 JavaThread "Thread-120" daemon [_thread_blocked, id=25049, stack(0x00007ff1af13f000,0x00007ff1af240000)]
  0x00007ff1a860d800 JavaThread "Thread-119" daemon [_thread_blocked, id=25048, stack(0x00007ff1af03e000,0x00007ff1af13f000)]
  0x00007ff1a860c000 JavaThread "Thread-118" daemon [_thread_blocked, id=25047, stack(0x00007ff1aef3d000,0x00007ff1af03e000)]
  0x00007ff1a8812800 JavaThread "Thread-117" daemon [_thread_blocked, id=25046, stack(0x00007ff1af240000,0x00007ff1af341000)]
  0x00007ff1a8811800 JavaThread "Thread-116" daemon [_thread_blocked, id=25045, stack(0x00007ff1ae836000,0x00007ff1ae937000)]
  0x00007ff1a8811000 JavaThread "Thread-115" daemon [_thread_blocked, id=25044, stack(0x00007ff1ac50c000,0x00007ff1ac60d000)]
  0x00007ff1a8810000 JavaThread "Thread-114" daemon [_thread_blocked, id=25043, stack(0x00007ff1ac007000,0x00007ff1ac108000)]
  0x00007ff1a9331000 JavaThread "Thread-113" daemon [_thread_blocked, id=25042, stack(0x00007ff1aed3b000,0x00007ff1aee3c000)]
  0x00007ff1a9330000 JavaThread "Thread-112" daemon [_thread_blocked, id=25041, stack(0x00007ff1aea38000,0x00007ff1aeb39000)]
  0x0000000002018800 JavaThread "JDWP Transport Listener: dt_socket" daemon [_thread_in_native, id=21981, stack(0x00007ff1a4ef4000,0x00007ff1a4ff5000)]
  0x0000000001d79800 JavaThread "Java2D Disposer" daemon [_thread_blocked, id=20020, stack(0x00007ff1ae735000,0x00007ff1ae836000)]
  0x00007ff1a8f0a000 JavaThread "TP-Monitor" daemon [_thread_blocked, id=13005, stack(0x00007ff1a4ff5000,0x00007ff1a50f6000)]
  0x00007ff1a8f08000 JavaThread "TP-Processor25" daemon [_thread_in_native, id=13004, stack(0x00007ff1a50f6000,0x00007ff1a51f7000)]
  0x00007ff1a8f06000 JavaThread "TP-Processor24" daemon [_thread_blocked, id=13003, stack(0x00007ff1a51f7000,0x00007ff1a52f8000)]
  0x00007ff1a8621800 JavaThread "TP-Processor23" daemon [_thread_blocked, id=13002, stack(0x00007ff1a52f8000,0x00007ff1a53f9000)]
  0x00007ff1a861f800 JavaThread "TP-Processor22" daemon [_thread_blocked, id=13001, stack(0x00007ff1a53f9000,0x00007ff1a54fa000)]
  0x00007ff1a861d800 JavaThread "TP-Processor21" daemon [_thread_blocked, id=13000, stack(0x00007ff1a54fa000,0x00007ff1a55fb000)]
  0x00007ff1a82da000 JavaThread "TP-Processor20" daemon [_thread_blocked, id=12999, stack(0x00007ff1a55fb000,0x00007ff1a56fc000)]
  0x00007ff1a82d8000 JavaThread "TP-Processor19" daemon [_thread_blocked, id=12998, stack(0x00007ff1a56fc000,0x00007ff1a57fd000)]
  0x00007ff1a82d6000 JavaThread "TP-Processor18" daemon [_thread_blocked, id=12997, stack(0x00007ff1a57fd000,0x00007ff1a58fe000)]
  0x00007ff1a8a22000 JavaThread "TP-Processor17" daemon [_thread_blocked, id=12996, stack(0x00007ff1a58fe000,0x00007ff1a59ff000)]
  0x00007ff1a8a20000 JavaThread "TP-Processor16" daemon [_thread_blocked, id=12995, stack(0x00007ff1a59ff000,0x00007ff1a5b00000)]
  0x00007ff1a8a1e000 JavaThread "TP-Processor15" daemon [_thread_blocked, id=12994, stack(0x00007ff1a5b00000,0x00007ff1a5c01000)]
  0x00007ff1a8612800 JavaThread "TP-Processor14" daemon [_thread_blocked, id=12993, stack(0x00007ff1a5c01000,0x00007ff1a5d02000)]
  0x00007ff1a8610800 JavaThread "TP-Processor13" daemon [_thread_blocked, id=12992, stack(0x00007ff1a5d02000,0x00007ff1a5e03000)]
  0x00007ff1a860f000 JavaThread "TP-Processor12" daemon [_thread_blocked, id=12991, stack(0x00007ff1a5e03000,0x00007ff1a5f04000)]
  0x00007ff1a8168800 JavaThread "TP-Processor11" daemon [_thread_blocked, id=12990, stack(0x00007ff1a5f04000,0x00007ff1a6005000)]
  0x00007ff1a8166800 JavaThread "TP-Processor10" daemon [_thread_blocked, id=12989, stack(0x00007ff1a6005000,0x00007ff1a6106000)]
  0x00007ff1a8cd4800 JavaThread "TP-Processor9" daemon [_thread_blocked, id=12988, stack(0x00007ff1a6106000,0x00007ff1a6207000)]
  0x00007ff1a8cd2800 JavaThread "TP-Processor8" daemon [_thread_blocked, id=12987, stack(0x00007ff1a6207000,0x00007ff1a6308000)]
  0x00007ff1a82bd800 JavaThread "TP-Processor7" daemon [_thread_blocked, id=12986, stack(0x00007ff1a6308000,0x00007ff1a6409000)]
  0x00007ff1a82bc000 JavaThread "TP-Processor6" daemon [_thread_blocked, id=12985, stack(0x00007ff1a6409000,0x00007ff1a650a000)]
  0x00007ff1a8840000 JavaThread "TP-Processor5" daemon [_thread_blocked, id=12984, stack(0x00007ff1a650a000,0x00007ff1a660b000)]
  0x00007ff1a8510000 JavaThread "TP-Processor4" daemon [_thread_blocked, id=12983, stack(0x00007ff1a660b000,0x00007ff1a670c000)]
  0x00007ff1a86c4000 JavaThread "TP-Processor3" daemon [_thread_blocked, id=12982, stack(0x00007ff1a670c000,0x00007ff1a680d000)]
  0x00007ff1a8952000 JavaThread "TP-Processor2" daemon [_thread_blocked, id=12981, stack(0x00007ff1a680d000,0x00007ff1a690e000)]
  0x00007ff1a8c8b800 JavaThread "TP-Processor1" daemon [_thread_blocked, id=12980, stack(0x00007ff1a690e000,0x00007ff1a6a0f000)]
  0x00007ff1a8206800 JavaThread "http-48180-Acceptor-0" daemon [_thread_in_native, id=12979, stack(0x00007ff1af378000,0x00007ff1af479000)]
=>0x00007ff1a810b800 JavaThread "ContainerBackgroundProcessor[StandardEngine[Catalina]]" daemon [_thread_in_Java, id=12978, stack(0x00007ff1af479000,0x00007ff1af57a000)]
  0x00000000023c9000 JavaThread "MultiThreadedHttpConnectionManager cleanup" daemon [_thread_blocked, id=12974, stack(0x00007ff1aec3a000,0x00007ff1aed3b000)]
  0x0000000002f0e000 JavaThread "Thread-53" daemon [_thread_blocked, id=12972, stack(0x00007ff1ac108000,0x00007ff1ac209000)]
  0x0000000002f0c800 JavaThread "Thread-52" daemon [_thread_blocked, id=12971, stack(0x00007ff1ac209000,0x00007ff1ac30a000)]
  0x00000000025b5000 JavaThread "Thread-48" daemon [_thread_blocked, id=12967, stack(0x00007ff1ac60d000,0x00007ff1ac70e000)]
  0x0000000003e23000 JavaThread "Thread-47" daemon [_thread_blocked, id=12966, stack(0x00007ff1ac70e000,0x00007ff1ac80f000)]
  0x0000000003e20800 JavaThread "Thread-46" daemon [_thread_blocked, id=12965, stack(0x00007ff1ac80f000,0x00007ff1ac910000)]
  0x00000000037dc800 JavaThread "Thread-45" daemon [_thread_blocked, id=12964, stack(0x00007ff1ac910000,0x00007ff1aca11000)]
  0x00000000037da000 JavaThread "Thread-44" daemon [_thread_blocked, id=12963, stack(0x00007ff1aca11000,0x00007ff1acb12000)]
  0x00000000037d8000 JavaThread "Thread-43" daemon [_thread_blocked, id=12962, stack(0x00007ff1acb12000,0x00007ff1acc13000)]
  0x0000000001e36800 JavaThread "Thread-42" daemon [_thread_blocked, id=12961, stack(0x00007ff1acc13000,0x00007ff1acd14000)]
  0x0000000001e34800 JavaThread "Thread-41" daemon [_thread_blocked, id=12960, stack(0x00007ff1acd14000,0x00007ff1ace15000)]
  0x0000000001e32800 JavaThread "Thread-40" daemon [_thread_blocked, id=12959, stack(0x00007ff1ace15000,0x00007ff1acf16000)]
  0x00000000030f7800 JavaThread "Thread-39" daemon [_thread_blocked, id=12958, stack(0x00007ff1acf16000,0x00007ff1ad017000)]
  0x00000000030f5000 JavaThread "Thread-38" daemon [_thread_blocked, id=12957, stack(0x00007ff1ad017000,0x00007ff1ad118000)]
  0x0000000001cb3800 JavaThread "Thread-37" daemon [_thread_blocked, id=12956, stack(0x00007ff1ad118000,0x00007ff1ad219000)]
  0x0000000001cb1000 JavaThread "Thread-36" daemon [_thread_blocked, id=12955, stack(0x00007ff1ad219000,0x00007ff1ad31a000)]
  0x0000000001caf000 JavaThread "Thread-35" daemon [_thread_blocked, id=12954, stack(0x00007ff1ad31a000,0x00007ff1ad41b000)]
  0x0000000002265800 JavaThread "Thread-34" daemon [_thread_blocked, id=12953, stack(0x00007ff1ad41b000,0x00007ff1ad51c000)]
  0x0000000002263000 JavaThread "Thread-33" daemon [_thread_blocked, id=12952, stack(0x00007ff1ad51c000,0x00007ff1ad61d000)]
  0x000000000409b000 JavaThread "Thread-32" daemon [_thread_blocked, id=12951, stack(0x00007ff1ad61d000,0x00007ff1ad71e000)]
  0x0000000004099000 JavaThread "Thread-31" daemon [_thread_blocked, id=12950, stack(0x00007ff1ad71e000,0x00007ff1ad81f000)]
  0x0000000002c6f800 JavaThread "Thread-30" daemon [_thread_blocked, id=12949, stack(0x00007ff1ad81f000,0x00007ff1ad920000)]
  0x0000000002c6d800 JavaThread "Thread-29" daemon [_thread_blocked, id=12948, stack(0x00007ff1ad920000,0x00007ff1ada21000)]
  0x0000000002c6b800 JavaThread "Thread-28" daemon [_thread_blocked, id=12947, stack(0x00007ff1ada21000,0x00007ff1adb22000)]
  0x0000000003f27800 JavaThread "Thread-27" daemon [_thread_blocked, id=12946, stack(0x00007ff1adb22000,0x00007ff1adc23000)]
  0x0000000003f25800 JavaThread "Thread-26" daemon [_thread_blocked, id=12945, stack(0x00007ff1adc23000,0x00007ff1add24000)]
  0x0000000002420000 JavaThread "Thread-25" daemon [_thread_blocked, id=12944, stack(0x00007ff1add24000,0x00007ff1ade25000)]
  0x000000000241e000 JavaThread "Thread-24" daemon [_thread_blocked, id=12943, stack(0x00007ff1ade25000,0x00007ff1adf26000)]
  0x00000000037ef800 JavaThread "Thread-23" daemon [_thread_blocked, id=12942, stack(0x00007ff1adf26000,0x00007ff1ae027000)]
  0x00000000037ed000 JavaThread "Thread-22" daemon [_thread_blocked, id=12941, stack(0x00007ff1ae027000,0x00007ff1ae128000)]
  0x0000000003678800 JavaThread "Thread-21" daemon [_thread_blocked, id=12940, stack(0x00007ff1ae128000,0x00007ff1ae229000)]
  0x00000000023fc800 JavaThread "Thread-20" daemon [_thread_blocked, id=12939, stack(0x00007ff1ae229000,0x00007ff1ae32a000)]
  0x000000000464b800 JavaThread "Thread-19" daemon [_thread_blocked, id=12938, stack(0x00007ff1ae32a000,0x00007ff1ae42b000)]
  0x000000000464b000 JavaThread "Thread-18" daemon [_thread_blocked, id=12937, stack(0x00007ff1ae42b000,0x00007ff1ae52c000)]
  0x0000000001b54000 JavaThread "Low Memory Detector" daemon [_thread_blocked, id=12908, stack(0x00007ff1afad3000,0x00007ff1afbd4000)]
  0x0000000001b4e800 JavaThread "C2 CompilerThread1" daemon [_thread_blocked, id=12907, stack(0x00007ff1afbd4000,0x00007ff1afcd5000)]
  0x0000000001b4c800 JavaThread "C2 CompilerThread0" daemon [_thread_blocked, id=12906, stack(0x00007ff1afcd5000,0x00007ff1afdd6000)]
  0x0000000001b40000 JavaThread "JDWP Event Helper Thread" daemon [_thread_blocked, id=12905, stack(0x00007ff1afdd6000,0x00007ff1afed7000)]
  0x0000000001b24800 JavaThread "Signal Dispatcher" daemon [_thread_blocked, id=12903, stack(0x00007ff1b01dd000,0x00007ff1b02de000)]
  0x0000000001b0d800 JavaThread "Finalizer" daemon [_thread_blocked, id=12902, stack(0x00007ff1b02de000,0x00007ff1b03df000)]
  0x0000000001b0b800 JavaThread "Reference Handler" daemon [_thread_blocked, id=12901, stack(0x00007ff1b03df000,0x00007ff1b04e0000)]
  0x0000000001aa6000 JavaThread "main" [_thread_in_native, id=12899, stack(0x00007ff1b70ce000,0x00007ff1b71cf000)]

Other Threads:
  0x0000000001b04800 VMThread [stack: 0x00007ff1b04e0000,0x00007ff1b05e1000] [id=12900]
  0x0000000001b57000 WatcherThread [stack: 0x00007ff1af9d2000,0x00007ff1afad3000] [id=12909]

VM state:synchronizing (normal execution)

VM Mutex/Monitor currently owned by a thread:  ([mutex/lock_event])
[0x0000000001aa2c00] Safepoint_lock - owner thread: 0x0000000001b04800
[0x0000000001aa2c80] Threads_lock - owner thread: 0x0000000001b04800

Heap
 def new generation   total 68096K, used 7494K [0x00000000d5a00000, 0x00000000da3e0000, 0x00000000e04a0000)
  eden space 60544K,  12% used [0x00000000d5a00000, 0x00000000d612d7d8, 0x00000000d9520000)
  from space 7552K,   1% used [0x00000000d9520000, 0x00000000d9544330, 0x00000000d9c80000)
  to   space 7552K,   0% used [0x00000000d9c80000, 0x00000000d9c80000, 0x00000000da3e0000)
 tenured generation   total 151256K, used 104345K [0x00000000e04a0000, 0x00000000e9856000, 0x00000000f5a00000)
   the space 151256K,  68% used [0x00000000e04a0000, 0x00000000e6a86498, 0x00000000e6a86600, 0x00000000e9856000)
 compacting perm gen  total 137536K, used 137281K [0x00000000f5a00000, 0x00000000fe050000, 0x0000000100000000)
   the space 137536K,  99% used [0x00000000f5a00000, 0x00000000fe0107a0, 0x00000000fe010800, 0x00000000fe050000)
No shared spaces configured.

Code Cache  [0x00007ff1b0a65000, 0x00007ff1b1ae5000, 0x00007ff1b3a65000)
 total_blobs=3995 nmethods=3433 adapters=522 free_code_cache=33194176 largest_free_block=8576

Dynamic libraries:
00400000-00409000 r-xp 00000000 fb:01 3977                               /usr/lib/jvm/java-6-openjdk/jre/bin/java
00608000-00609000 r--p 00008000 fb:01 3977                               /usr/lib/jvm/java-6-openjdk/jre/bin/java
00609000-0060a000 rw-p 00009000 fb:01 3977                               /usr/lib/jvm/java-6-openjdk/jre/bin/java
01a91000-05329000 rw-p 00000000 00:00 0                                  [heap]
d5a00000-da3e0000 rw-p 00000000 00:00 0 
da3e0000-e04a0000 rw-p 00000000 00:00 0 
e04a0000-e9856000 rw-p 00000000 00:00 0 
e9856000-f5a00000 rw-p 00000000 00:00 0 
f5a00000-fe050000 rw-p 00000000 00:00 0 
fe050000-100000000 rw-p 00000000 00:00 0 
7ff19ef42000-7ff19ef45000 ---p 00000000 00:00 0 
7ff19ef45000-7ff19f043000 rw-p 00000000 00:00 0 
7ff19f043000-7ff19f046000 ---p 00000000 00:00 0 
7ff19f046000-7ff19f144000 rw-p 00000000 00:00 0 
7ff19f144000-7ff19f147000 ---p 00000000 00:00 0 
7ff19f147000-7ff19f245000 rw-p 00000000 00:00 0 
7ff19f245000-7ff19f248000 ---p 00000000 00:00 0 
7ff19f248000-7ff19f346000 rw-p 00000000 00:00 0 
7ff19f346000-7ff19f349000 ---p 00000000 00:00 0 
7ff19f349000-7ff19f447000 rw-p 00000000 00:00 0 
7ff19f447000-7ff19f44a000 ---p 00000000 00:00 0 
7ff19f44a000-7ff19f548000 rw-p 00000000 00:00 0 
7ff19f548000-7ff19f54b000 ---p 00000000 00:00 0 
7ff19f54b000-7ff19f649000 rw-p 00000000 00:00 0 
7ff19f649000-7ff19f64c000 ---p 00000000 00:00 0 
7ff19f64c000-7ff19f74a000 rw-p 00000000 00:00 0 
7ff19f74a000-7ff19f74d000 ---p 00000000 00:00 0 
7ff19f74d000-7ff19f84b000 rw-p 00000000 00:00 0 
7ff19f84b000-7ff19f84e000 ---p 00000000 00:00 0 
7ff19f84e000-7ff19f94c000 rw-p 00000000 00:00 0 
7ff19f94c000-7ff19f94f000 ---p 00000000 00:00 0 
7ff19f94f000-7ff19fa4d000 rw-p 00000000 00:00 0 
7ff19fa4d000-7ff19fa50000 ---p 00000000 00:00 0 
7ff19fa50000-7ff19fb4e000 rw-p 00000000 00:00 0 
7ff19fb4e000-7ff19fb51000 ---p 00000000 00:00 0 
7ff19fb51000-7ff19fc4f000 rw-p 00000000 00:00 0 
7ff19fc4f000-7ff19fc52000 ---p 00000000 00:00 0 
7ff19fc52000-7ff19fd50000 rw-p 00000000 00:00 0 
7ff19fd50000-7ff19fd53000 ---p 00000000 00:00 0 
7ff19fd53000-7ff19fe51000 rw-p 00000000 00:00 0 
7ff19fe51000-7ff19fe54000 ---p 00000000 00:00 0 
7ff19fe54000-7ff19ff52000 rw-p 00000000 00:00 0 
7ff19ff52000-7ff19ff55000 ---p 00000000 00:00 0 
7ff19ff55000-7ff1a0053000 rw-p 00000000 00:00 0 
7ff1a0053000-7ff1a0056000 ---p 00000000 00:00 0 
7ff1a0056000-7ff1a0154000 rw-p 00000000 00:00 0 
7ff1a0154000-7ff1a0157000 ---p 00000000 00:00 0 
7ff1a0157000-7ff1a0255000 rw-p 00000000 00:00 0 
7ff1a0255000-7ff1a0258000 ---p 00000000 00:00 0 
7ff1a0258000-7ff1a0356000 rw-p 00000000 00:00 0 
7ff1a0356000-7ff1a0359000 ---p 00000000 00:00 0 
7ff1a0359000-7ff1a0457000 rw-p 00000000 00:00 0 
7ff1a0457000-7ff1a045a000 ---p 00000000 00:00 0 
7ff1a045a000-7ff1a0558000 rw-p 00000000 00:00 0 
7ff1a0558000-7ff1a055b000 ---p 00000000 00:00 0 
7ff1a055b000-7ff1a0659000 rw-p 00000000 00:00 0 
7ff1a0659000-7ff1a065c000 ---p 00000000 00:00 0 
7ff1a065c000-7ff1a075a000 rw-p 00000000 00:00 0 
7ff1a075a000-7ff1a075d000 ---p 00000000 00:00 0 
7ff1a075d000-7ff1a085b000 rw-p 00000000 00:00 0 
7ff1a085b000-7ff1a085e000 ---p 00000000 00:00 0 
7ff1a085e000-7ff1a095c000 rw-p 00000000 00:00 0 
7ff1a095c000-7ff1a095f000 ---p 00000000 00:00 0 
7ff1a095f000-7ff1a0a5d000 rw-p 00000000 00:00 0 
7ff1a0a5d000-7ff1a0a60000 ---p 00000000 00:00 0 
7ff1a0a60000-7ff1a0b5e000 rw-p 00000000 00:00 0 
7ff1a0b5e000-7ff1a0b61000 ---p 00000000 00:00 0 
7ff1a0b61000-7ff1a0c5f000 rw-p 00000000 00:00 0 
7ff1a0c5f000-7ff1a0c62000 ---p 00000000 00:00 0 
7ff1a0c62000-7ff1a0d60000 rw-p 00000000 00:00 0 
7ff1a0d60000-7ff1a0d63000 ---p 00000000 00:00 0 
7ff1a0d63000-7ff1a0e61000 rw-p 00000000 00:00 0 
7ff1a0e61000-7ff1a0e64000 ---p 00000000 00:00 0 
7ff1a0e64000-7ff1a0f62000 rw-p 00000000 00:00 0 
7ff1a0f62000-7ff1a0f65000 ---p 00000000 00:00 0 
7ff1a0f65000-7ff1a1063000 rw-p 00000000 00:00 0 
7ff1a1063000-7ff1a1066000 ---p 00000000 00:00 0 
7ff1a1066000-7ff1a1164000 rw-p 00000000 00:00 0 
7ff1a1164000-7ff1a1167000 ---p 00000000 00:00 0 
7ff1a1167000-7ff1a1265000 rw-p 00000000 00:00 0 
7ff1a1265000-7ff1a1268000 ---p 00000000 00:00 0 
7ff1a1268000-7ff1a1366000 rw-p 00000000 00:00 0 
7ff1a1366000-7ff1a1369000 ---p 00000000 00:00 0 
7ff1a1369000-7ff1a1467000 rw-p 00000000 00:00 0 
7ff1a1467000-7ff1a146a000 ---p 00000000 00:00 0 
7ff1a146a000-7ff1a1568000 rw-p 00000000 00:00 0 
7ff1a1568000-7ff1a156b000 ---p 00000000 00:00 0 
7ff1a156b000-7ff1a1669000 rw-p 00000000 00:00 0 
7ff1a1669000-7ff1a166c000 ---p 00000000 00:00 0 
7ff1a166c000-7ff1a176a000 rw-p 00000000 00:00 0 
7ff1a176a000-7ff1a176d000 ---p 00000000 00:00 0 
7ff1a176d000-7ff1a186b000 rw-p 00000000 00:00 0 
7ff1a186b000-7ff1a186e000 ---p 00000000 00:00 0 
7ff1a186e000-7ff1a196c000 rw-p 00000000 00:00 0 
7ff1a196c000-7ff1a196f000 ---p 00000000 00:00 0 
7ff1a196f000-7ff1a1a6d000 rw-p 00000000 00:00 0 
7ff1a1a6d000-7ff1a1a70000 ---p 00000000 00:00 0 
7ff1a1a70000-7ff1a1b6e000 rw-p 00000000 00:00 0 
7ff1a1b6e000-7ff1a1b71000 ---p 00000000 00:00 0 
7ff1a1b71000-7ff1a1c6f000 rw-p 00000000 00:00 0 
7ff1a1c6f000-7ff1a1c72000 ---p 00000000 00:00 0 
7ff1a1c72000-7ff1a1d70000 rw-p 00000000 00:00 0 
7ff1a1d70000-7ff1a1d73000 ---p 00000000 00:00 0 
7ff1a1d73000-7ff1a1e71000 rw-p 00000000 00:00 0 
7ff1a1e71000-7ff1a1e74000 ---p 00000000 00:00 0 
7ff1a1e74000-7ff1a1f72000 rw-p 00000000 00:00 0 
7ff1a1f72000-7ff1a1f75000 ---p 00000000 00:00 0 
7ff1a1f75000-7ff1a2073000 rw-p 00000000 00:00 0 
7ff1a2073000-7ff1a2076000 ---p 00000000 00:00 0 
7ff1a2076000-7ff1a2174000 rw-p 00000000 00:00 0 
7ff1a2174000-7ff1a2177000 ---p 00000000 00:00 0 
7ff1a2177000-7ff1a2275000 rw-p 00000000 00:00 0 
7ff1a2275000-7ff1a2278000 ---p 00000000 00:00 0 
7ff1a2278000-7ff1a2376000 rw-p 00000000 00:00 0 
7ff1a2376000-7ff1a2379000 ---p 00000000 00:00 0 
7ff1a2379000-7ff1a2477000 rw-p 00000000 00:00 0 
7ff1a2477000-7ff1a247a000 ---p 00000000 00:00 0 
7ff1a247a000-7ff1a2578000 rw-p 00000000 00:00 0 
7ff1a2578000-7ff1a257b000 ---p 00000000 00:00 0 
7ff1a257b000-7ff1a2679000 rw-p 00000000 00:00 0 
7ff1a2679000-7ff1a267c000 ---p 00000000 00:00 0 
7ff1a267c000-7ff1a277a000 rw-p 00000000 00:00 0 
7ff1a277a000-7ff1a277d000 ---p 00000000 00:00 0 
7ff1a277d000-7ff1a287b000 rw-p 00000000 00:00 0 
7ff1a287b000-7ff1a287e000 ---p 00000000 00:00 0 
7ff1a287e000-7ff1a297c000 rw-p 00000000 00:00 0 
7ff1a297c000-7ff1a297f000 ---p 00000000 00:00 0 
7ff1a297f000-7ff1a2a7d000 rw-p 00000000 00:00 0 
7ff1a2a7d000-7ff1a2a80000 ---p 00000000 00:00 0 
7ff1a2a80000-7ff1a2b7e000 rw-p 00000000 00:00 0 
7ff1a2b7e000-7ff1a2b81000 ---p 00000000 00:00 0 
7ff1a2b81000-7ff1a2c7f000 rw-p 00000000 00:00 0 
7ff1a2c7f000-7ff1a2c82000 ---p 00000000 00:00 0 
7ff1a2c82000-7ff1a2d80000 rw-p 00000000 00:00 0 
7ff1a2d80000-7ff1a2d83000 ---p 00000000 00:00 0 
7ff1a2d83000-7ff1a2e81000 rw-p 00000000 00:00 0 
7ff1a2e81000-7ff1a2e84000 ---p 00000000 00:00 0 
7ff1a2e84000-7ff1a2f82000 rw-p 00000000 00:00 0 
7ff1a2f82000-7ff1a2f85000 ---p 00000000 00:00 0 
7ff1a2f85000-7ff1a3083000 rw-p 00000000 00:00 0 
7ff1a3083000-7ff1a3086000 ---p 00000000 00:00 0 
7ff1a3086000-7ff1a3184000 rw-p 00000000 00:00 0 
7ff1a3184000-7ff1a3187000 ---p 00000000 00:00 0 
7ff1a3187000-7ff1a3285000 rw-p 00000000 00:00 0 
7ff1a3285000-7ff1a3288000 ---p 00000000 00:00 0 
7ff1a3288000-7ff1a3386000 rw-p 00000000 00:00 0 
7ff1a3386000-7ff1a339c000 r-xp 00000000 fb:01 921                        /lib/libresolv-2.11.1.so
7ff1a339c000-7ff1a359b000 ---p 00016000 fb:01 921                        /lib/libresolv-2.11.1.so
7ff1a359b000-7ff1a359c000 r--p 00015000 fb:01 921                        /lib/libresolv-2.11.1.so
7ff1a359c000-7ff1a359d000 rw-p 00016000 fb:01 921                        /lib/libresolv-2.11.1.so
7ff1a359d000-7ff1a359f000 rw-p 00000000 00:00 0 
7ff1a359f000-7ff1a35a4000 r-xp 00000000 fb:01 931                        /lib/libnss_dns-2.11.1.so
7ff1a35a4000-7ff1a37a3000 ---p 00005000 fb:01 931                        /lib/libnss_dns-2.11.1.so
7ff1a37a3000-7ff1a37a4000 r--p 00004000 fb:01 931                        /lib/libnss_dns-2.11.1.so
7ff1a37a4000-7ff1a37a5000 rw-p 00005000 fb:01 931                        /lib/libnss_dns-2.11.1.so
7ff1a382e000-7ff1a38ae000 r-xp 00000000 fb:01 18943                      /usr/lib/libfreetype.so.6.3.22
7ff1a38ae000-7ff1a3aae000 ---p 00080000 fb:01 18943                      /usr/lib/libfreetype.so.6.3.22
7ff1a3aae000-7ff1a3ab3000 r--p 00080000 fb:01 18943                      /usr/lib/libfreetype.so.6.3.22
7ff1a3ab3000-7ff1a3ab4000 rw-p 00085000 fb:01 18943                      /usr/lib/libfreetype.so.6.3.22
7ff1a3ab4000-7ff1a3aef000 r-xp 00000000 fb:01 3994                       /usr/lib/jvm/java-6-openjdk/jre/lib/amd64/libfontmanager.so
7ff1a3aef000-7ff1a3cef000 ---p 0003b000 fb:01 3994                       /usr/lib/jvm/java-6-openjdk/jre/lib/amd64/libfontmanager.so
7ff1a3cef000-7ff1a3cf1000 r--p 0003b000 fb:01 3994                       /usr/lib/jvm/java-6-openjdk/jre/lib/amd64/libfontmanager.so
7ff1a3cf1000-7ff1a3cf2000 rw-p 0003d000 fb:01 3994                       /usr/lib/jvm/java-6-openjdk/jre/lib/amd64/libfontmanager.so
7ff1a3cf2000-7ff1a3d15000 r-xp 00000000 fb:01 3930                       /usr/lib/libjpeg.so.62.0.0
7ff1a3d15000-7ff1a3f14000 ---p 00023000 fb:01 3930                       /usr/lib/libjpeg.so.62.0.0
7ff1a3f14000-7ff1a3f15000 r--p 00022000 fb:01 3930                       /usr/lib/libjpeg.so.62.0.0
7ff1a3f15000-7ff1a3f16000 rw-p 00023000 fb:01 3930                       /usr/lib/libjpeg.so.62.0.0
7ff1a3f16000-7ff1a3f20000 r-xp 00000000 fb:01 4014                       /usr/lib/jvm/java-6-openjdk/jre/lib/amd64/libjpeg.so
7ff1a3f20000-7ff1a411f000 ---p 0000a000 fb:01 4014                       /usr/lib/jvm/java-6-openjdk/jre/lib/amd64/libjpeg.so
7ff1a411f000-7ff1a4120000 r--p 00009000 fb:01 4014                       /usr/lib/jvm/java-6-openjdk/jre/lib/amd64/libjpeg.so
7ff1a4120000-7ff1a4121000 rw-p 0000a000 fb:01 4014                       /usr/lib/jvm/java-6-openjdk/jre/lib/amd64/libjpeg.so
7ff1a4121000-7ff1a4153000 r-xp 00000000 fb:01 4021                       /usr/lib/jvm/java-6-openjdk/jre/lib/amd64/liblcms.so
7ff1a4153000-7ff1a4352000 ---p 00032000 fb:01 4021                       /usr/lib/jvm/java-6-openjdk/jre/lib/amd64/liblcms.so
7ff1a4352000-7ff1a4353000 r--p 00031000 fb:01 4021                       /usr/lib/jvm/java-6-openjdk/jre/lib/amd64/liblcms.so
7ff1a4353000-7ff1a4354000 rw-p 00032000 fb:01 4021                       /usr/lib/jvm/java-6-openjdk/jre/lib/amd64/liblcms.so
7ff1a4354000-7ff1a4356000 rw-p 00000000 00:00 0 
7ff1a4356000-7ff1a435c000 r-xp 00000000 fb:01 4004                       /usr/lib/jvm/java-6-openjdk/jre/lib/amd64/headless/libmawt.so
7ff1a435c000-7ff1a455b000 ---p 00006000 fb:01 4004                       /usr/lib/jvm/java-6-openjdk/jre/lib/amd64/headless/libmawt.so
7ff1a455b000-7ff1a455c000 r--p 00005000 fb:01 4004                       /usr/lib/jvm/java-6-openjdk/jre/lib/amd64/headless/libmawt.so
7ff1a455c000-7ff1a455d000 rw-p 00006000 fb:01 4004                       /usr/lib/jvm/java-6-openjdk/jre/lib/amd64/headless/libmawt.so
7ff1a455d000-7ff1a4607000 r-xp 00000000 fb:01 4001                       /usr/lib/jvm/java-6-openjdk/jre/lib/amd64/libawt.so
7ff1a4607000-7ff1a4806000 ---p 000aa000 fb:01 4001                       /usr/lib/jvm/java-6-openjdk/jre/lib/amd64/libawt.so
7ff1a4806000-7ff1a4807000 r--p 000a9000 fb:01 4001                       /usr/lib/jvm/java-6-openjdk/jre/lib/amd64/libawt.so
7ff1a4807000-7ff1a4812000 rw-p 000aa000 fb:01 4001                       /usr/lib/jvm/java-6-openjdk/jre/lib/amd64/libawt.so
7ff1a4812000-7ff1a4837000 rw-p 00000000 00:00 0 
7ff1a48ef000-7ff1a48f6000 r--s 000fb000 fb:01 3838                       /usr/lib/jvm/java-6-openjdk/jre/lib/resources.jar
7ff1a48f6000-7ff1a48f9000 ---p 00000000 00:00 0 
7ff1a48f9000-7ff1a49f7000 rw-p 00000000 00:00 0 
7ff1a49f7000-7ff1a49fa000 ---p 00000000 00:00 0 
7ff1a49fa000-7ff1a4af8000 rw-p 00000000 00:00 0 
7ff1a4af8000-7ff1a4afb000 ---p 00000000 00:00 0 
7ff1a4afb000-7ff1a4bf9000 rw-p 00000000 00:00 0 
7ff1a4bf9000-7ff1a4bfc000 ---p 00000000 00:00 0 
7ff1a4bfc000-7ff1a4cfa000 rw-p 00000000 00:00 0 
7ff1a4cfa000-7ff1a4cfd000 ---p 00000000 00:00 0 
7ff1a4cfd000-7ff1a4dfb000 rw-p 00000000 00:00 0 
7ff1a4ef4000-7ff1a4ef7000 ---p 00000000 00:00 0 
7ff1a4ef7000-7ff1a4ff5000 rw-p 00000000 00:00 0 
7ff1a4ff5000-7ff1a4ff8000 ---p 00000000 00:00 0 
7ff1a4ff8000-7ff1a50f6000 rw-p 00000000 00:00 0 
7ff1a50f6000-7ff1a50f9000 ---p 00000000 00:00 0 
7ff1a50f9000-7ff1a51f7000 rw-p 00000000 00:00 0 
7ff1a51f7000-7ff1a51fa000 ---p 00000000 00:00 0 
7ff1a51fa000-7ff1a52f8000 rw-p 00000000 00:00 0 
7ff1a52f8000-7ff1a52fb000 ---p 00000000 00:00 0 
7ff1a52fb000-7ff1a53f9000 rw-p 00000000 00:00 0 
7ff1a53f9000-7ff1a53fc000 ---p 00000000 00:00 0 
7ff1a53fc000-7ff1a54fa000 rw-p 00000000 00:00 0 
7ff1a54fa000-7ff1a54fd000 ---p 00000000 00:00 0 
7ff1a54fd000-7ff1a55fb000 rw-p 00000000 00:00 0 
7ff1a55fb000-7ff1a55fe000 ---p 00000000 00:00 0 
7ff1a55fe000-7ff1a56fc000 rw-p 00000000 00:00 0 
7ff1a56fc000-7ff1a56ff000 ---p 00000000 00:00 0 
7ff1a56ff000-7ff1a57fd000 rw-p 00000000 00:00 0 
7ff1a57fd000-7ff1a5800000 ---p 00000000 00:00 0 
7ff1a5800000-7ff1a58fe000 rw-p 00000000 00:00 0 
7ff1a58fe000-7ff1a5901000 ---p 00000000 00:00 0 
7ff1a5901000-7ff1a59ff000 rw-p 00000000 00:00 0 
7ff1a59ff000-7ff1a5a02000 ---p 00000000 00:00 0 
7ff1a5a02000-7ff1a5b00000 rw-p 00000000 00:00 0 
7ff1a5b00000-7ff1a5b03000 ---p 00000000 00:00 0 
7ff1a5b03000-7ff1a5c01000 rw-p 00000000 00:00 0 
7ff1a5c01000-7ff1a5c04000 ---p 00000000 00:00 0 
7ff1a5c04000-7ff1a5d02000 rw-p 00000000 00:00 0 
7ff1a5d02000-7ff1a5d05000 ---p 00000000 00:00 0 
7ff1a5d05000-7ff1a5e03000 rw-p 00000000 00:00 0 
7ff1a5e03000-7ff1a5e06000 ---p 00000000 00:00 0 
7ff1a5e06000-7ff1a5f04000 rw-p 00000000 00:00 0 
7ff1a5f04000-7ff1a5f07000 ---p 00000000 00:00 0 
7ff1a5f07000-7ff1a6005000 rw-p 00000000 00:00 0 
7ff1a6005000-7ff1a6008000 ---p 00000000 00:00 0 
7ff1a6008000-7ff1a6106000 rw-p 00000000 00:00 0 
7ff1a6106000-7ff1a6109000 ---p 00000000 00:00 0 
7ff1a6109000-7ff1a6207000 rw-p 00000000 00:00 0 
7ff1a6207000-7ff1a620a000 ---p 00000000 00:00 0 
7ff1a620a000-7ff1a6308000 rw-p 00000000 00:00 0 
7ff1a6308000-7ff1a630b000 ---p 00000000 00:00 0 
7ff1a630b000-7ff1a6409000 rw-p 00000000 00:00 0 
7ff1a6409000-7ff1a640c000 ---p 00000000 00:00 0 
7ff1a640c000-7ff1a650a000 rw-p 00000000 00:00 0 
7ff1a650a000-7ff1a650d000 ---p 00000000 00:00 0 
7ff1a650d000-7ff1a660b000 rw-p 00000000 00:00 0 
7ff1a660b000-7ff1a660e000 ---p 00000000 00:00 0 
7ff1a660e000-7ff1a670c000 rw-p 00000000 00:00 0 
7ff1a670c000-7ff1a670f000 ---p 00000000 00:00 0 
7ff1a670f000-7ff1a680d000 rw-p 00000000 00:00 0 
7ff1a680d000-7ff1a6810000 ---p 00000000 00:00 0 
7ff1a6810000-7ff1a690e000 rw-p 00000000 00:00 0 
7ff1a690e000-7ff1a6911000 ---p 00000000 00:00 0 
7ff1a6911000-7ff1a6a0f000 rw-p 00000000 00:00 0 
7ff1a6a0f000-7ff1a6a12000 ---p 00000000 00:00 0 
7ff1a6a12000-7ff1a6b10000 rw-p 00000000 00:00 0 
7ff1a6b10000-7ff1a6b76000 r-xp 00000000 fb:01 3960                       /usr/lib/nss/libfreebl3.so
7ff1a6b76000-7ff1a6d76000 ---p 00066000 fb:01 3960                       /usr/lib/nss/libfreebl3.so
7ff1a6d76000-7ff1a6d77000 r--p 00066000 fb:01 3960                       /usr/lib/nss/libfreebl3.so
7ff1a6d77000-7ff1a6d78000 rw-p 00067000 fb:01 3960                       /usr/lib/nss/libfreebl3.so
7ff1a6d78000-7ff1a6d7c000 rw-p 00000000 00:00 0 
7ff1a6d7c000-7ff1a6e06000 r-xp 00000000 fb:01 8901                       /usr/lib/libsqlite3.so.0.8.6
7ff1a6e06000-7ff1a7005000 ---p 0008a000 fb:01 8901                       /usr/lib/libsqlite3.so.0.8.6
7ff1a7005000-7ff1a7007000 r--p 00089000 fb:01 8901                       /usr/lib/libsqlite3.so.0.8.6
7ff1a7007000-7ff1a7009000 rw-p 0008b000 fb:01 8901                       /usr/lib/libsqlite3.so.0.8.6
7ff1a7009000-7ff1a7048000 r-xp 00000000 fb:01 3964                       /usr/lib/nss/libsoftokn3.so
7ff1a7048000-7ff1a7247000 ---p 0003f000 fb:01 3964                       /usr/lib/nss/libsoftokn3.so
7ff1a7247000-7ff1a7249000 r--p 0003e000 fb:01 3964                       /usr/lib/nss/libsoftokn3.so
7ff1a7249000-7ff1a724a000 rw-p 00040000 fb:01 3964                       /usr/lib/nss/libsoftokn3.so
7ff1a724a000-7ff1a7281000 r-xp 00000000 fb:01 3947                       /usr/lib/libnspr4.so
7ff1a7281000-7ff1a7481000 ---p 00037000 fb:01 3947                       /usr/lib/libnspr4.so
7ff1a7481000-7ff1a7482000 r--p 00037000 fb:01 3947                       /usr/lib/libnspr4.so
7ff1a7482000-7ff1a7483000 rw-p 00038000 fb:01 3947                       /usr/lib/libnspr4.so
7ff1a7483000-7ff1a7486000 rw-p 00000000 00:00 0 
7ff1a7486000-7ff1a7489000 r-xp 00000000 fb:01 3946                       /usr/lib/libplds4.so
7ff1a7489000-7ff1a7688000 ---p 00003000 fb:01 3946                       /usr/lib/libplds4.so
7ff1a7688000-7ff1a7689000 r--p 00002000 fb:01 3946                       /usr/lib/libplds4.so
7ff1a7689000-7ff1a768a000 rw-p 00003000 fb:01 3946                       /usr/lib/libplds4.so
7ff1a768a000-7ff1a768e000 r-xp 00000000 fb:01 3945                       /usr/lib/libplc4.so
7ff1a768e000-7ff1a788d000 ---p 00004000 fb:01 3945                       /usr/lib/libplc4.so
7ff1a788d000-7ff1a788e000 r--p 00003000 fb:01 3945                       /usr/lib/libplc4.so
7ff1a788e000-7ff1a788f000 rw-p 00004000 fb:01 3945                       /usr/lib/libplc4.so
7ff1a788f000-7ff1a78a9000 r-xp 00000000 fb:01 3954                       /usr/lib/libnssutil3.so
7ff1a78a9000-7ff1a7aa8000 ---p 0001a000 fb:01 3954                       /usr/lib/libnssutil3.so
7ff1a7aa8000-7ff1a7aad000 r--p 00019000 fb:01 3954                       /usr/lib/libnssutil3.so
7ff1a7aad000-7ff1a7aae000 rw-p 0001e000 fb:01 3954                       /usr/lib/libnssutil3.so
7ff1a7aae000-7ff1a7bde000 r-xp 00000000 fb:01 3953                       /usr/lib/libnss3.so
7ff1a7bde000-7ff1a7ddd000 ---p 00130000 fb:01 3953                       /usr/lib/libnss3.so
7ff1a7ddd000-7ff1a7de2000 r--p 0012f000 fb:01 3953                       /usr/lib/libnss3.so
7ff1a7de2000-7ff1a7de4000 rw-p 00134000 fb:01 3953                       /usr/lib/libnss3.so
7ff1a7de4000-7ff1a7de6000 rw-p 00000000 00:00 0 
7ff1a7dec000-7ff1a7dfa000 r-xp 00000000 fb:01 4015                       /usr/lib/jvm/java-6-openjdk/jre/lib/amd64/libj2pkcs11.so
7ff1a7dfa000-7ff1a7ffa000 ---p 0000e000 fb:01 4015                       /usr/lib/jvm/java-6-openjdk/jre/lib/amd64/libj2pkcs11.so
7ff1a7ffa000-7ff1a7ffb000 r--p 0000e000 fb:01 4015                       /usr/lib/jvm/java-6-openjdk/jre/lib/amd64/libj2pkcs11.so
7ff1a7ffb000-7ff1a7ffc000 rw-p 0000f000 fb:01 4015                       /usr/lib/jvm/java-6-openjdk/jre/lib/amd64/libj2pkcs11.so
7ff1a7ffc000-7ff1a8000000 r--s 00038000 fb:01 3835                       /usr/lib/jvm/java-6-openjdk/jre/lib/ext/sunpkcs11.jar
7ff1a8000000-7ff1abd8c000 rw-p 00000000 00:00 0 
7ff1abd8c000-7ff1ac000000 ---p 00000000 00:00 0 
7ff1ac002000-7ff1ac004000 r--s 00013000 fb:01 3820                       /usr/lib/jvm/java-6-openjdk/jre/lib/jce.jar
7ff1ac004000-7ff1ac007000 r--s 00031000 fb:01 3832                       /usr/lib/jvm/java-6-openjdk/jre/lib/ext/sunjce_provider.jar
7ff1ac007000-7ff1ac00a000 ---p 00000000 00:00 0 
7ff1ac00a000-7ff1ac108000 rw-p 00000000 00:00 0 
7ff1ac108000-7ff1ac10b000 ---p 00000000 00:00 0 
7ff1ac10b000-7ff1ac209000 rw-p 00000000 00:00 0 
7ff1ac209000-7ff1ac20c000 ---p 00000000 00:00 0 
7ff1ac20c000-7ff1ac30a000 rw-p 00000000 00:00 0 
7ff1ac30a000-7ff1ac30d000 ---p 00000000 00:00 0 
7ff1ac30d000-7ff1ac40b000 rw-p 00000000 00:00 0 
7ff1ac40b000-7ff1ac40e000 ---p 00000000 00:00 0 
7ff1ac40e000-7ff1ac50c000 rw-p 00000000 00:00 0 
7ff1ac50c000-7ff1ac50f000 ---p 00000000 00:00 0 
7ff1ac50f000-7ff1ac60d000 rw-p 00000000 00:00 0 
7ff1ac60d000-7ff1ac610000 ---p 00000000 00:00 0 
7ff1ac610000-7ff1ac70e000 rw-p 00000000 00:00 0 
7ff1ac70e000-7ff1ac711000 ---p 00000000 00:00 0 
7ff1ac711000-7ff1ac80f000 rw-p 00000000 00:00 0 
7ff1ac80f000-7ff1ac812000 ---p 00000000 00:00 0 
7ff1ac812000-7ff1ac910000 rw-p 00000000 00:00 0 
7ff1ac910000-7ff1ac913000 ---p 00000000 00:00 0 
7ff1ac913000-7ff1aca11000 rw-p 00000000 00:00 0 
7ff1aca11000-7ff1aca14000 ---p 00000000 00:00 0 
7ff1aca14000-7ff1acb12000 rw-p 00000000 00:00 0 
7ff1acb12000-7ff1acb15000 ---p 00000000 00:00 0 
7ff1acb15000-7ff1acc13000 rw-p 00000000 00:00 0 
7ff1acc13000-7ff1acc16000 ---p 00000000 00:00 0 
7ff1acc16000-7ff1acd14000 rw-p 00000000 00:00 0 
7ff1acd14000-7ff1acd17000 ---p 00000000 00:00 0 
7ff1acd17000-7ff1ace15000 rw-p 00000000 00:00 0 
7ff1ace15000-7ff1ace18000 ---p 00000000 00:00 0 
7ff1ace18000-7ff1acf16000 rw-p 00000000 00:00 0 
7ff1acf16000-7ff1acf19000 ---p 00000000 00:00 0 
7ff1acf19000-7ff1ad017000 rw-p 00000000 00:00 0 
7ff1ad017000-7ff1ad01a000 ---p 00000000 00:00 0 
7ff1ad01a000-7ff1ad118000 rw-p 00000000 00:00 0 
7ff1ad118000-7ff1ad11b000 ---p 00000000 00:00 0 
7ff1ad11b000-7ff1ad219000 rw-p 00000000 00:00 0 
7ff1ad219000-7ff1ad21c000 ---p 00000000 00:00 0 
7ff1ad21c000-7ff1ad31a000 rw-p 00000000 00:00 0 
7ff1ad31a000-7ff1ad31d000 ---p 00000000 00:00 0 
7ff1ad31d000-7ff1ad41b000 rw-p 00000000 00:00 0 
7ff1ad41b000-7ff1ad41e000 ---p 00000000 00:00 0 
7ff1ad41e000-7ff1ad51c000 rw-p 00000000 00:00 0 
7ff1ad51c000-7ff1ad51f000 ---p 00000000 00:00 0 
7ff1ad51f000-7ff1ad61d000 rw-p 00000000 00:00 0 
7ff1ad61d000-7ff1ad620000 ---p 00000000 00:00 0 
7ff1ad620000-7ff1ad71e000 rw-p 00000000 00:00 0 
7ff1ad71e000-7ff1ad721000 ---p 00000000 00:00 0 
7ff1ad721000-7ff1ad81f000 rw-p 00000000 00:00 0 
7ff1ad81f000-7ff1ad822000 ---p 00000000 00:00 0 
7ff1ad822000-7ff1ad920000 rw-p 00000000 00:00 0 
7ff1ad920000-7ff1ad923000 ---p 00000000 00:00 0 
7ff1ad923000-7ff1ada21000 rw-p 00000000 00:00 0 
7ff1ada21000-7ff1ada24000 ---p 00000000 00:00 0 
7ff1ada24000-7ff1adb22000 rw-p 00000000 00:00 0 
7ff1adb22000-7ff1adb25000 ---p 00000000 00:00 0 
7ff1adb25000-7ff1adc23000 rw-p 00000000 00:00 0 
7ff1adc23000-7ff1adc26000 ---p 00000000 00:00 0 
7ff1adc26000-7ff1add24000 rw-p 00000000 00:00 0 
7ff1add24000-7ff1add27000 ---p 00000000 00:00 0 
7ff1add27000-7ff1ade25000 rw-p 00000000 00:00 0 
7ff1ade25000-7ff1ade28000 ---p 00000000 00:00 0 
7ff1ade28000-7ff1adf26000 rw-p 00000000 00:00 0 
7ff1adf26000-7ff1adf29000 ---p 00000000 00:00 0 
7ff1adf29000-7ff1ae027000 rw-p 00000000 00:00 0 
7ff1ae027000-7ff1ae02a000 ---p 00000000 00:00 0 
7ff1ae02a000-7ff1ae128000 rw-p 00000000 00:00 0 
7ff1ae128000-7ff1ae12b000 ---p 00000000 00:00 0 
7ff1ae12b000-7ff1ae229000 rw-p 00000000 00:00 0 
7ff1ae229000-7ff1ae22c000 ---p 00000000 00:00 0 
7ff1ae22c000-7ff1ae32a000 rw-p 00000000 00:00 0 
7ff1ae32a000-7ff1ae32d000 ---p 00000000 00:00 0 
7ff1ae32d000-7ff1ae42b000 rw-p 00000000 00:00 0 
7ff1ae42b000-7ff1ae42e000 ---p 00000000 00:00 0 
7ff1ae42e000-7ff1ae52c000 rw-p 00000000 00:00 0 
7ff1ae52c000-7ff1ae534000 r-xp 00000000 fb:01 4022                       /usr/lib/jvm/java-6-openjdk/jre/lib/amd64/libnio.so
7ff1ae534000-7ff1ae733000 ---p 00008000 fb:01 4022                       /usr/lib/jvm/java-6-openjdk/jre/lib/amd64/libnio.so
7ff1ae733000-7ff1ae734000 r--p 00007000 fb:01 4022                       /usr/lib/jvm/java-6-openjdk/jre/lib/amd64/libnio.so
7ff1ae734000-7ff1ae735000 rw-p 00008000 fb:01 4022                       /usr/lib/jvm/java-6-openjdk/jre/lib/amd64/libnio.so
7ff1ae735000-7ff1ae738000 ---p 00000000 00:00 0 
7ff1ae738000-7ff1ae836000 rw-p 00000000 00:00 0 
7ff1ae836000-7ff1ae839000 ---p 00000000 00:00 0 
7ff1ae839000-7ff1ae937000 rw-p 00000000 00:00 0 
7ff1ae937000-7ff1ae93a000 ---p 00000000 00:00 0 
7ff1ae93a000-7ff1aea38000 rw-p 00000000 00:00 0 
7ff1aea38000-7ff1aea3b000 ---p 00000000 00:00 0 
7ff1aea3b000-7ff1aeb39000 rw-p 00000000 00:00 0 
7ff1aeb39000-7ff1aeb3c000 ---p 00000000 00:00 0 
7ff1aeb3c000-7ff1aec3a000 rw-p 00000000 00:00 0 
7ff1aec3a000-7ff1aec3d000 ---p 00000000 00:00 0 
7ff1aec3d000-7ff1aed3b000 rw-p 00000000 00:00 0 
7ff1aed3b000-7ff1aed3e000 ---p 00000000 00:00 0 
7ff1aed3e000-7ff1aee3c000 rw-p 00000000 00:00 0 
7ff1aee3c000-7ff1aee3f000 ---p 00000000 00:00 0 
7ff1aee3f000-7ff1aef3d000 rw-p 00000000 00:00 0 
7ff1aef3d000-7ff1aef40000 ---p 00000000 00:00 0 
7ff1aef40000-7ff1af03e000 rw-p 00000000 00:00 0 
7ff1af03e000-7ff1af041000 ---p 00000000 00:00 0 
7ff1af041000-7ff1af13f000 rw-p 00000000 00:00 0 
7ff1af13f000-7ff1af142000 ---p 00000000 00:00 0 
7ff1af142000-7ff1af240000 rw-p 00000000 00:00 0 
7ff1af240000-7ff1af243000 ---p 00000000 00:00 0 
7ff1af243000-7ff1af341000 rw-p 00000000 00:00 0 
7ff1af378000-7ff1af37b000 ---p 00000000 00:00 0 
7ff1af37b000-7ff1af479000 rw-p 00000000 00:00 0 
7ff1af479000-7ff1af47c000 ---p 00000000 00:00 0 
7ff1af47c000-7ff1af57a000 rw-p 00000000 00:00 0 
7ff1af57a000-7ff1af57d000 r--s 00077000 fb:01 3837                       /usr/lib/jvm/java-6-openjdk/jre/lib/ext/localedata.jar
7ff1af57d000-7ff1af592000 r-xp 00000000 fb:01 4010                       /usr/lib/jvm/java-6-openjdk/jre/lib/amd64/libnet.so
7ff1af592000-7ff1af791000 ---p 00015000 fb:01 4010                       /usr/lib/jvm/java-6-openjdk/jre/lib/amd64/libnet.so
7ff1af791000-7ff1af792000 r--p 00014000 fb:01 4010                       /usr/lib/jvm/java-6-openjdk/jre/lib/amd64/libnet.so
7ff1af792000-7ff1af793000 rw-p 00015000 fb:01 4010                       /usr/lib/jvm/java-6-openjdk/jre/lib/amd64/libnet.so
7ff1af793000-7ff1af796000 r--s 0000f000 fb:01 276441                     /home/fh/tools/tomcat/node01/lib/tomcat-i18n-es.jar
7ff1af796000-7ff1af798000 r--s 0000c000 fb:01 276268                     /home/fh/tools/tomcat/node01/lib/tomcat-i18n-ja.jar
7ff1af798000-7ff1af799000 r--s 00007000 fb:01 276435                     /home/fh/tools/tomcat/node01/lib/el-api.jar
7ff1af799000-7ff1af7a4000 r--s 000af000 fb:01 276444                     /home/fh/tools/tomcat/node01/lib/tomcat-coyote.jar
7ff1af7a4000-7ff1af7a6000 r--s 0000c000 fb:01 276429                     /home/fh/tools/tomcat/node01/lib/catalina-ant.jar
7ff1af7a6000-7ff1af7a7000 r--s 00003000 fb:01 276428                     /home/fh/tools/tomcat/node01/lib/annotations-api.jar
7ff1af7a7000-7ff1af7a9000 r--s 0000b000 fb:01 276439                     /home/fh/tools/tomcat/node01/lib/tomcat-i18n-fr.jar
7ff1af7a9000-7ff1af7ac000 r--s 0001d000 fb:01 276440                     /home/fh/tools/tomcat/node01/lib/catalina-ha.jar
7ff1af7ac000-7ff1af7af000 r--s 00018000 fb:01 276443                     /home/fh/tools/tomcat/node01/lib/jasper-el.jar
7ff1af7af000-7ff1af7be000 r--s 00113000 fb:01 276432                     /home/fh/tools/tomcat/node01/lib/catalina.jar
7ff1af7be000-7ff1af7ca000 r--s 0014c000 fb:01 276445                     /home/fh/tools/tomcat/node01/lib/jasper-jdt.jar
7ff1af7ca000-7ff1af7d1000 r-xp 00000000 fb:01 4017                       /usr/lib/jvm/java-6-openjdk/jre/lib/amd64/libmanagement.so
7ff1af7d1000-7ff1af9d0000 ---p 00007000 fb:01 4017                       /usr/lib/jvm/java-6-openjdk/jre/lib/amd64/libmanagement.so
7ff1af9d0000-7ff1af9d1000 r--p 00006000 fb:01 4017                       /usr/lib/jvm/java-6-openjdk/jre/lib/amd64/libmanagement.so
7ff1af9d1000-7ff1af9d2000 rw-p 00007000 fb:01 4017                       /usr/lib/jvm/java-6-openjdk/jre/lib/amd64/libmanagement.so
7ff1af9d2000-7ff1af9d3000 ---p 00000000 00:00 0 
7ff1af9d3000-7ff1afad3000 rw-p 00000000 00:00 0 
7ff1afad3000-7ff1afad6000 ---p 00000000 00:00 0 
7ff1afad6000-7ff1afbd4000 rw-p 00000000 00:00 0 
7ff1afbd4000-7ff1afbd7000 ---p 00000000 00:00 0 
7ff1afbd7000-7ff1afcd5000 rw-p 00000000 00:00 0 
7ff1afcd5000-7ff1afcd8000 ---p 00000000 00:00 0 
7ff1afcd8000-7ff1afdd6000 rw-p 00000000 00:00 0 
7ff1afdd6000-7ff1afdd9000 ---p 00000000 00:00 0 
7ff1afdd9000-7ff1afed7000 rw-p 00000000 00:00 0 
7ff1afed7000-7ff1afeda000 ---p 00000000 00:00 0 
7ff1afeda000-7ff1affd8000 rw-p 00000000 00:00 0 
7ff1affd8000-7ff1affdc000 r-xp 00000000 fb:01 4025                       /usr/lib/jvm/java-6-openjdk/jre/lib/amd64/libdt_socket.so
7ff1affdc000-7ff1b01db000 ---p 00004000 fb:01 4025                       /usr/lib/jvm/java-6-openjdk/jre/lib/amd64/libdt_socket.so
7ff1b01db000-7ff1b01dc000 r--p 00003000 fb:01 4025                       /usr/lib/jvm/java-6-openjdk/jre/lib/amd64/libdt_socket.so
7ff1b01dc000-7ff1b01dd000 rw-p 00004000 fb:01 4025                       /usr/lib/jvm/java-6-openjdk/jre/lib/amd64/libdt_socket.so
7ff1b01dd000-7ff1b01e0000 ---p 00000000 00:00 0 
7ff1b01e0000-7ff1b02de000 rw-p 00000000 00:00 0 
7ff1b02de000-7ff1b02e1000 ---p 00000000 00:00 0 
7ff1b02e1000-7ff1b03df000 rw-p 00000000 00:00 0 
7ff1b03df000-7ff1b03e2000 ---p 00000000 00:00 0 
7ff1b03e2000-7ff1b04e0000 rw-p 00000000 00:00 0 
7ff1b04e0000-7ff1b04e1000 ---p 00000000 00:00 0 
7ff1b04e1000-7ff1b0614000 rw-p 00000000 00:00 0 
7ff1b0614000-7ff1b07a6000 r--s 037bf000 fb:01 3985                       /usr/lib/jvm/java-6-openjdk/jre/lib/rt.jar
7ff1b07a6000-7ff1b07f0000 rw-p 00000000 00:00 0 
7ff1b07f0000-7ff1b0851000 rw-p 00000000 00:00 0 
7ff1b0851000-7ff1b0876000 rw-p 00000000 00:00 0 
7ff1b0876000-7ff1b08a6000 rw-p 00000000 00:00 0 
7ff1b08a6000-7ff1b08f1000 rw-p 00000000 00:00 0 
7ff1b08f1000-7ff1b0951000 rw-p 00000000 00:00 0 
7ff1b0951000-7ff1b0995000 rw-p 00000000 00:00 0 
7ff1b0995000-7ff1b09a4000 rw-p 00000000 00:00 0 
7ff1b09a4000-7ff1b09e7000 rw-p 00000000 00:00 0 
7ff1b09e7000-7ff1b0a65000 rw-p 00000000 00:00 0 
7ff1b0a65000-7ff1b1ae5000 rwxp 00000000 00:00 0 
7ff1b1ae5000-7ff1b3a65000 rw-p 00000000 00:00 0 
7ff1b3a65000-7ff1b3a6c000 r-xp 00000000 fb:01 4008                       /usr/lib/jvm/java-6-openjdk/jre/lib/amd64/libzip.so
7ff1b3a6c000-7ff1b3c6b000 ---p 00007000 fb:01 4008                       /usr/lib/jvm/java-6-openjdk/jre/lib/amd64/libzip.so
7ff1b3c6b000-7ff1b3c6c000 r--p 00006000 fb:01 4008                       /usr/lib/jvm/java-6-openjdk/jre/lib/amd64/libzip.so
7ff1b3c6c000-7ff1b3c6d000 rw-p 00007000 fb:01 4008                       /usr/lib/jvm/java-6-openjdk/jre/lib/amd64/libzip.so
7ff1b3c6d000-7ff1b3c79000 r-xp 00000000 fb:01 935                        /lib/libnss_files-2.11.1.so
7ff1b3c79000-7ff1b3e78000 ---p 0000c000 fb:01 935                        /lib/libnss_files-2.11.1.so
7ff1b3e78000-7ff1b3e79000 r--p 0000b000 fb:01 935                        /lib/libnss_files-2.11.1.so
7ff1b3e79000-7ff1b3e7a000 rw-p 0000c000 fb:01 935                        /lib/libnss_files-2.11.1.so
7ff1b3e7a000-7ff1b3e84000 r-xp 00000000 fb:01 925                        /lib/libnss_nis-2.11.1.so
7ff1b3e84000-7ff1b4083000 ---p 0000a000 fb:01 925                        /lib/libnss_nis-2.11.1.so
7ff1b4083000-7ff1b4084000 r--p 00009000 fb:01 925                        /lib/libnss_nis-2.11.1.so
7ff1b4084000-7ff1b4085000 rw-p 0000a000 fb:01 925                        /lib/libnss_nis-2.11.1.so
7ff1b4085000-7ff1b408d000 r-xp 00000000 fb:01 924                        /lib/libnss_compat-2.11.1.so
7ff1b408d000-7ff1b428c000 ---p 00008000 fb:01 924                        /lib/libnss_compat-2.11.1.so
7ff1b428c000-7ff1b428d000 r--p 00007000 fb:01 924                        /lib/libnss_compat-2.11.1.so
7ff1b428d000-7ff1b428e000 rw-p 00008000 fb:01 924                        /lib/libnss_compat-2.11.1.so
7ff1b428e000-7ff1b43ac000 r--p 00000000 fb:01 9277                       /usr/lib/locale/en_IE.utf8/LC_COLLATE
7ff1b43ac000-7ff1b43af000 r-xp 00000000 fb:01 4020                       /usr/lib/jvm/java-6-openjdk/jre/lib/amd64/libnpt.so
7ff1b43af000-7ff1b45ae000 ---p 00003000 fb:01 4020                       /usr/lib/jvm/java-6-openjdk/jre/lib/amd64/libnpt.so
7ff1b45ae000-7ff1b45af000 r--p 00002000 fb:01 4020                       /usr/lib/jvm/java-6-openjdk/jre/lib/amd64/libnpt.so
7ff1b45af000-7ff1b45b0000 rw-p 00003000 fb:01 4020                       /usr/lib/jvm/java-6-openjdk/jre/lib/amd64/libnpt.so
7ff1b45b0000-7ff1b45e9000 r-xp 00000000 fb:01 4018                       /usr/lib/jvm/java-6-openjdk/jre/lib/amd64/libjdwp.so
7ff1b45e9000-7ff1b47e8000 ---p 00039000 fb:01 4018                       /usr/lib/jvm/java-6-openjdk/jre/lib/amd64/libjdwp.so
7ff1b47e8000-7ff1b47e9000 r--p 00038000 fb:01 4018                       /usr/lib/jvm/java-6-openjdk/jre/lib/amd64/libjdwp.so
7ff1b47e9000-7ff1b47ea000 rw-p 00039000 fb:01 4018                       /usr/lib/jvm/java-6-openjdk/jre/lib/amd64/libjdwp.so
7ff1b47ea000-7ff1b4801000 r-xp 00000000 fb:01 916                        /lib/libnsl-2.11.1.so
7ff1b4801000-7ff1b4a00000 ---p 00017000 fb:01 916                        /lib/libnsl-2.11.1.so
7ff1b4a00000-7ff1b4a01000 r--p 00016000 fb:01 916                        /lib/libnsl-2.11.1.so
7ff1b4a01000-7ff1b4a02000 rw-p 00017000 fb:01 916                        /lib/libnsl-2.11.1.so
7ff1b4a02000-7ff1b4a04000 rw-p 00000000 00:00 0 
7ff1b4a04000-7ff1b4a31000 r-xp 00000000 fb:01 3997                       /usr/lib/jvm/java-6-openjdk/jre/lib/amd64/libjava.so
7ff1b4a31000-7ff1b4c30000 ---p 0002d000 fb:01 3997                       /usr/lib/jvm/java-6-openjdk/jre/lib/amd64/libjava.so
7ff1b4c30000-7ff1b4c31000 r--p 0002c000 fb:01 3997                       /usr/lib/jvm/java-6-openjdk/jre/lib/amd64/libjava.so
7ff1b4c31000-7ff1b4c34000 rw-p 0002d000 fb:01 3997                       /usr/lib/jvm/java-6-openjdk/jre/lib/amd64/libjava.so
7ff1b4c34000-7ff1b4c43000 r-xp 00000000 fb:01 4023                       /usr/lib/jvm/java-6-openjdk/jre/lib/amd64/libverify.so
7ff1b4c43000-7ff1b4e42000 ---p 0000f000 fb:01 4023                       /usr/lib/jvm/java-6-openjdk/jre/lib/amd64/libverify.so
7ff1b4e42000-7ff1b4e44000 r--p 0000e000 fb:01 4023                       /usr/lib/jvm/java-6-openjdk/jre/lib/amd64/libverify.so
7ff1b4e44000-7ff1b4e45000 rw-p 00010000 fb:01 4023                       /usr/lib/jvm/java-6-openjdk/jre/lib/amd64/libverify.so
7ff1b4e45000-7ff1b4e4c000 r-xp 00000000 fb:01 920                        /lib/librt-2.11.1.so
7ff1b4e4c000-7ff1b504b000 ---p 00007000 fb:01 920                        /lib/librt-2.11.1.so
7ff1b504b000-7ff1b504c000 r--p 00006000 fb:01 920                        /lib/librt-2.11.1.so
7ff1b504c000-7ff1b504d000 rw-p 00007000 fb:01 920                        /lib/librt-2.11.1.so
7ff1b504d000-7ff1b5063000 r-xp 00000000 fb:01 795                        /lib/libgcc_s.so.1
7ff1b5063000-7ff1b5262000 ---p 00016000 fb:01 795                        /lib/libgcc_s.so.1
7ff1b5262000-7ff1b5263000 r--p 00015000 fb:01 795                        /lib/libgcc_s.so.1
7ff1b5263000-7ff1b5264000 rw-p 00016000 fb:01 795                        /lib/libgcc_s.so.1
7ff1b5264000-7ff1b52e6000 r-xp 00000000 fb:01 915                        /lib/libm-2.11.1.so
7ff1b52e6000-7ff1b54e5000 ---p 00082000 fb:01 915                        /lib/libm-2.11.1.so
7ff1b54e5000-7ff1b54e6000 r--p 00081000 fb:01 915                        /lib/libm-2.11.1.so
7ff1b54e6000-7ff1b54e7000 rw-p 00082000 fb:01 915                        /lib/libm-2.11.1.so
7ff1b54e7000-7ff1b55dd000 r-xp 00000000 fb:01 970                        /usr/lib/libstdc++.so.6.0.13
7ff1b55dd000-7ff1b57dd000 ---p 000f6000 fb:01 970                        /usr/lib/libstdc++.so.6.0.13
7ff1b57dd000-7ff1b57e4000 r--p 000f6000 fb:01 970                        /usr/lib/libstdc++.so.6.0.13
7ff1b57e4000-7ff1b57e6000 rw-p 000fd000 fb:01 970                        /usr/lib/libstdc++.so.6.0.13
7ff1b57e6000-7ff1b57fb000 rw-p 00000000 00:00 0 
7ff1b57fb000-7ff1b613a000 r-xp 00000000 fb:01 3990                       /usr/lib/jvm/java-6-openjdk/jre/lib/amd64/server/libjvm.so
7ff1b613a000-7ff1b6339000 ---p 0093f000 fb:01 3990                       /usr/lib/jvm/java-6-openjdk/jre/lib/amd64/server/libjvm.so
7ff1b6339000-7ff1b63ba000 r--p 0093e000 fb:01 3990                       /usr/lib/jvm/java-6-openjdk/jre/lib/amd64/server/libjvm.so
7ff1b63ba000-7ff1b63d5000 rw-p 009bf000 fb:01 3990                       /usr/lib/jvm/java-6-openjdk/jre/lib/amd64/server/libjvm.so
7ff1b63d5000-7ff1b63fd000 rw-p 00000000 00:00 0 
7ff1b63fd000-7ff1b6577000 r-xp 00000000 fb:01 932                        /lib/libc-2.11.1.so
7ff1b6577000-7ff1b6776000 ---p 0017a000 fb:01 932                        /lib/libc-2.11.1.so
7ff1b6776000-7ff1b677a000 r--p 00179000 fb:01 932                        /lib/libc-2.11.1.so
7ff1b677a000-7ff1b677b000 rw-p 0017d000 fb:01 932                        /lib/libc-2.11.1.so
7ff1b677b000-7ff1b6780000 rw-p 00000000 00:00 0 
7ff1b6780000-7ff1b6782000 r-xp 00000000 fb:01 936                        /lib/libdl-2.11.1.so
7ff1b6782000-7ff1b6982000 ---p 00002000 fb:01 936                        /lib/libdl-2.11.1.so
7ff1b6982000-7ff1b6983000 r--p 00002000 fb:01 936                        /lib/libdl-2.11.1.so
7ff1b6983000-7ff1b6984000 rw-p 00003000 fb:01 936                        /lib/libdl-2.11.1.so
7ff1b6984000-7ff1b6988000 r-xp 00000000 fb:01 4007                       /usr/lib/jvm/java-6-openjdk/jre/lib/amd64/jli/libjli.so
7ff1b6988000-7ff1b6b87000 ---p 00004000 fb:01 4007                       /usr/lib/jvm/java-6-openjdk/jre/lib/amd64/jli/libjli.so
7ff1b6b87000-7ff1b6b88000 r--p 00003000 fb:01 4007                       /usr/lib/jvm/java-6-openjdk/jre/lib/amd64/jli/libjli.so
7ff1b6b88000-7ff1b6b89000 rw-p 00004000 fb:01 4007                       /usr/lib/jvm/java-6-openjdk/jre/lib/amd64/jli/libjli.so
7ff1b6b89000-7ff1b6ba1000 r-xp 00000000 fb:01 930                        /lib/libpthread-2.11.1.so
7ff1b6ba1000-7ff1b6da0000 ---p 00018000 fb:01 930                        /lib/libpthread-2.11.1.so
7ff1b6da0000-7ff1b6da1000 r--p 00017000 fb:01 930                        /lib/libpthread-2.11.1.so
7ff1b6da1000-7ff1b6da2000 rw-p 00018000 fb:01 930                        /lib/libpthread-2.11.1.so
7ff1b6da2000-7ff1b6da6000 rw-p 00000000 00:00 0 
7ff1b6da6000-7ff1b6dbc000 r-xp 00000000 fb:01 4403                       /lib/libz.so.1.2.3.3
7ff1b6dbc000-7ff1b6fbb000 ---p 00016000 fb:01 4403                       /lib/libz.so.1.2.3.3
7ff1b6fbb000-7ff1b6fbc000 r--p 00015000 fb:01 4403                       /lib/libz.so.1.2.3.3
7ff1b6fbc000-7ff1b6fbd000 rw-p 00016000 fb:01 4403                       /lib/libz.so.1.2.3.3
7ff1b6fbd000-7ff1b6fdd000 r-xp 00000000 fb:01 917                        /lib/ld-2.11.1.so
7ff1b6fde000-7ff1b6fe3000 r--s 00035000 fb:01 276446                     /home/fh/tools/tomcat/node01/lib/catalina-tribes.jar
7ff1b6fe3000-7ff1b6feb000 r--s 00079000 fb:01 276438                     /home/fh/tools/tomcat/node01/lib/jasper.jar
7ff1b6feb000-7ff1b6fed000 r--s 00011000 fb:01 276434                     /home/fh/tools/tomcat/node01/lib/jsp-api.jar
7ff1b6fed000-7ff1b6fef000 r--s 00014000 fb:01 276442                     /home/fh/tools/tomcat/node01/lib/servlet-api.jar
7ff1b6fef000-7ff1b6ff3000 r--s 00035000 fb:01 276436                     /home/fh/tools/tomcat/node01/lib/tomcat-dbcp.jar
7ff1b6ff3000-7ff1b6ff4000 r--s 00006000 fb:01 276462                     /home/fh/tools/tomcat/node01/bin/tomcat-juli.jar
7ff1b6ff4000-7ff1b6ff6000 r--s 00001000 fb:01 276465                     /home/fh/tools/tomcat/node01/bin/commons-daemon.jar
7ff1b6ff6000-7ff1b6ff9000 r--s 0007d000 fb:01 3815                       /usr/lib/jvm/java-6-openjdk/jre/lib/jsse.jar
7ff1b6ff9000-7ff1b6ffb000 r--s 00004000 fb:01 276461                     /home/fh/tools/tomcat/node01/bin/bootstrap.jar
7ff1b6ffb000-7ff1b6ffd000 r--s 0000f000 fb:01 3833                       /usr/lib/jvm/java-6-openjdk/jre/lib/ext/pulse-java.jar
7ff1b6ffd000-7ff1b706a000 rw-p 00000000 00:00 0 
7ff1b706a000-7ff1b707a000 rw-p 00000000 00:00 0 
7ff1b707a000-7ff1b7082000 rw-s 00000000 fb:01 288614                     /tmp/hsperfdata_fh/12896
7ff1b7082000-7ff1b70c1000 r--p 00000000 fb:01 14                         /usr/lib/locale/en_IE.utf8/LC_CTYPE
7ff1b70c1000-7ff1b70c2000 r--p 00000000 fb:01 9275                       /usr/lib/locale/en_IE.utf8/LC_NUMERIC
7ff1b70c2000-7ff1b70c3000 r--p 00000000 fb:01 9276                       /usr/lib/locale/en_IE.utf8/LC_TIME
7ff1b70c3000-7ff1b70c4000 r--p 00000000 fb:01 9278                       /usr/lib/locale/en_IE.utf8/LC_MONETARY
7ff1b70c4000-7ff1b70c5000 r--p 00000000 fb:01 9280                       /usr/lib/locale/en_IE.utf8/LC_MESSAGES/SYS_LC_MESSAGES
7ff1b70c5000-7ff1b70c6000 r--p 00000000 fb:01 9281                       /usr/lib/locale/en_IE.utf8/LC_PAPER
7ff1b70c6000-7ff1b70c7000 r--p 00000000 fb:01 9282                       /usr/lib/locale/en_IE.utf8/LC_NAME
7ff1b70c7000-7ff1b70ce000 r--s 00000000 fb:01 19414                      /usr/lib/gconv/gconv-modules.cache
7ff1b70ce000-7ff1b70d1000 ---p 00000000 00:00 0 
7ff1b70d1000-7ff1b71d4000 rw-p 00000000 00:00 0 
7ff1b71d4000-7ff1b71d5000 r--p 00000000 fb:01 9283                       /usr/lib/locale/en_IE.utf8/LC_ADDRESS
7ff1b71d5000-7ff1b71d6000 r--p 00000000 fb:01 9284                       /usr/lib/locale/en_IE.utf8/LC_TELEPHONE
7ff1b71d6000-7ff1b71d7000 r--p 00000000 fb:01 9285                       /usr/lib/locale/en_IE.utf8/LC_MEASUREMENT
7ff1b71d7000-7ff1b71d8000 r--p 00000000 fb:01 9286                       /usr/lib/locale/en_IE.utf8/LC_IDENTIFICATION
7ff1b71d8000-7ff1b71d9000 rw-p 00000000 00:00 0 
7ff1b71d9000-7ff1b71da000 ---p 00000000 00:00 0 
7ff1b71da000-7ff1b71dc000 rw-p 00000000 00:00 0 
7ff1b71dc000-7ff1b71dd000 r--p 0001f000 fb:01 917                        /lib/ld-2.11.1.so
7ff1b71dd000-7ff1b71de000 rw-p 00020000 fb:01 917                        /lib/ld-2.11.1.so
7ff1b71de000-7ff1b71df000 rw-p 00000000 00:00 0 
7fff8ec81000-7fff8ec96000 rw-p 00000000 00:00 0                          [stack]
7fff8ecae000-7fff8ecaf000 r-xp 00000000 00:00 0                          [vdso]
ffffffffff600000-ffffffffff601000 r-xp 00000000 00:00 0                  [vsyscall]

VM Arguments:
jvm_args: -Djava.util.logging.config.file=/home/fh/tools/tomcat/node01/conf/logging.properties -Xmx512m -Dfeedhenry.node=node01 -Dfh.cluster.override=/etc/feedhenry/cluster-override.properties -Djava.util.logging.manager=org.apache.juli.ClassLoaderLogManager -agentlib:jdwp=transport=dt_socket,address=8002,server=y,suspend=n -Djava.endorsed.dirs=/home/fh/tools/tomcat/node01/endorsed -Dcatalina.base=/home/fh/tools/tomcat/node01 -Dcatalina.home=/home/fh/tools/tomcat/node01 -Djava.io.tmpdir=/home/fh/tools/tomcat/node01/temp 
java_command: org.apache.catalina.startup.Bootstrap start
Launcher Type: SUN_STANDARD

Environment Variables:
PATH=/usr/local/sbin:/usr/local/bin:/usr/sbin:/usr/bin:/sbin:/bin:/usr/games:/home/fh/millicore/bin:/var/lib/gems/1.8/bin
LD_LIBRARY_PATH=/usr/lib/jvm/java-6-openjdk/jre/lib/amd64/server:/usr/lib/jvm/java-6-openjdk/jre/lib/amd64:/usr/lib/jvm/java-6-openjdk/jre/../lib/amd64
SHELL=/bin/bash

Signal Handlers:
SIGSEGV: [libjvm.so+0x7cff30], sa_mask[0]=0x7ffbfeff, sa_flags=0x10000004
SIGBUS: [libjvm.so+0x7cff30], sa_mask[0]=0x7ffbfeff, sa_flags=0x10000004
SIGFPE: [libjvm.so+0x68d2c0], sa_mask[0]=0x7ffbfeff, sa_flags=0x10000004
SIGPIPE: SIG_IGN, sa_mask[0]=0x00000000, sa_flags=0x00000000
SIGXFSZ: [libjvm.so+0x68d2c0], sa_mask[0]=0x7ffbfeff, sa_flags=0x10000004
SIGILL: [libjvm.so+0x68d2c0], sa_mask[0]=0x7ffbfeff, sa_flags=0x10000004
SIGUSR1: SIG_DFL, sa_mask[0]=0x00000000, sa_flags=0x00000000
SIGUSR2: [libjvm.so+0x68ca70], sa_mask[0]=0x00000000, sa_flags=0x10000004
SIGHUP: [libjvm.so+0x68f0d0], sa_mask[0]=0x7ffbfeff, sa_flags=0x10000004
SIGINT: SIG_IGN, sa_mask[0]=0x00000000, sa_flags=0x00000000
SIGTERM: [libjvm.so+0x68f0d0], sa_mask[0]=0x7ffbfeff, sa_flags=0x10000004
SIGQUIT: [libjvm.so+0x68f0d0], sa_mask[0]=0x7ffbfeff, sa_flags=0x10000004


---------------  S Y S T E M  ---------------

OS:Ubuntu 10.04 (lucid)
uname:Linux 2.6.32-38-server #83-Ubuntu SMP Wed Jan 4 11:26:59 UTC 2012 x86_64
libc:glibc 2.11.1 NPTL 2.11.1 
rlimit: STACK 8192k, CORE 0k, NPROC infinity, NOFILE 1024, AS infinity
load average:3.94 1.65 1.36

/proc/meminfo:
MemTotal:        2057624 kB
MemFree:           60168 kB
Buffers:          197984 kB
Cached:           778928 kB
SwapCached:         2380 kB
Active:          1298372 kB
Inactive:         507164 kB
Active(anon):     611880 kB
Inactive(anon):   219828 kB
Active(file):     686492 kB
Inactive(file):   287336 kB
Unevictable:           0 kB
Mlocked:               0 kB
SwapTotal:        397304 kB
SwapFree:         384048 kB
Dirty:              1348 kB
Writeback:             0 kB
AnonPages:        826592 kB
Mapped:            40508 kB
Shmem:              3020 kB
Slab:             117436 kB
SReclaimable:     101836 kB
SUnreclaim:        15600 kB
KernelStack:        3936 kB
PageTables:        15708 kB
NFS_Unstable:          0 kB
Bounce:                0 kB
WritebackTmp:          0 kB
CommitLimit:     1426116 kB
Committed_AS:    2697860 kB
VmallocTotal:   34359738367 kB
VmallocUsed:       11416 kB
VmallocChunk:   34359716700 kB
HardwareCorrupted:     0 kB
HugePages_Total:       0
HugePages_Free:        0
HugePages_Rsvd:        0
HugePages_Surp:        0
Hugepagesize:       2048 kB
DirectMap4k:        8128 kB
DirectMap2M:     2088960 kB


CPU:total 1 (1 cores per cpu, 1 threads per core) family 6 model 42 stepping 7, cmov, cx8, fxsr, mmx, sse, sse2, sse3, ssse3

Memory: 4k page, physical 2057624k(60168k free), swap 397304k(384048k free)

vm_info: OpenJDK 64-Bit Server VM (20.0-b12) for linux-amd64 JRE (1.6.0_24-b24), built on Sep  1 2012 09:58:05 by "buildd" with gcc 4.4.3

time: Sat Jan  5 19:33:59 2013
elapsed time: 27710 seconds

