#
# A fatal error has been detected by the Java Runtime Environment:
#
#  SIGSEGV (0xb) at pc=0x0000000000000000, pid=2943, tid=139789751711488
#
# JRE version: 6.0_24-b24
# Java VM: OpenJDK 64-Bit Server VM (20.0-b12 mixed mode linux-amd64 compressed oops)
# Derivative: IcedTea6 1.11.4
# Distribution: Ubuntu 10.04.1 LTS, package 6b24-1.11.4-1ubuntu0.10.04.1
# Problematic frame:
# C  0x0000000000000000
#
# If you would like to submit a bug report, please include
# instructions how to reproduce the bug and visit:
#   https://bugs.launchpad.net/ubuntu/+source/openjdk-6/
#

---------------  T H R E A D  ---------------

Current thread (0x0000000001c8a800):  JavaThread "Timer-9" [_thread_in_Java, id=3005, stack(0x00007f23566e7000,0x00007f23567e8000)]

siginfo:si_signo=SIGSEGV: si_errno=0, si_code=1 (SEGV_MAPERR), si_addr=0x0000000000000000

Registers:
RAX=0xffffffffff600180, RBX=0x00007f23567e6300, RCX=0x0000000000000016, RDX=0xffffffffff600180
RSP=0x00007f23567e62a8, RBP=0x00007f23567e62c0, RSI=0x0000000000000000, RDI=0x00007f23567e6300
R8 =0x00000000e06802b8, R9 =0x00000000e0617fb8, R10=0x00007f236411fa30, R11=0x00007f235f35f6b0
R12=0x000000000049c4fa, R13=0x00007f23567e6350, R14=0x00007f23567e6408, R15=0x0000000001c8a800
RIP=0x0000000000000000, EFLAGS=0x0000000000010246, CSGSFS=0x0000000000000033, ERR=0x0000000000000014
  TRAPNO=0x000000000000000e

Top of Stack: (sp=0x00007f23567e62a8)
0x00007f23567e62a8:   00007fff1a3ff714 00007f23567e6300
0x00007f23567e62b8:   0000000000000000 00007f23567e62e0
0x00007f23567e62c8:   00007fff1a3ff7bd 00000000d7b55b80
0x00007f23567e62d8:   0000000000000000 00007f23567e6310
0x00007f23567e62e8:   00007f236473115a 00007f23567e6350
0x00007f23567e62f8:   00007f236411fa43 000000005090cd5a
0x00007f23567e6308:   000000002dd08b5e 00007f23567e63a0
0x00007f23567e6318:   00007f235f35f6c6 00000000d7b55488
0x00007f23567e6328:   00000000d7b552e8 00007f23567e63a0
0x00007f23567e6338:   00007f235ed048da 00007f23567e63a0
0x00007f23567e6348:   00007f235ed048da 00000000d7b55b80
0x00007f23567e6358:   00000000d7b55b80 00007f23567e6360
0x00007f23567e6368:   00000000f83e20c4 00007f23567e6408
0x00007f23567e6378:   00000000f83e3858 00000000f9c0acd0
0x00007f23567e6388:   00000000f83e2210 00007f23567e6350
0x00007f23567e6398:   00007f23567e6410 00000000e2219dd0
0x00007f23567e63a8:   00007f235f496b80 0000000000000000
0x00007f23567e63b8:   0000000000000000 0000000000000000
0x00007f23567e63c8:   0000000000000000 0000000000000000
0x00007f23567e63d8:   00000000d5c4b660 00000000e04ebe58
0x00007f23567e63e8:   00000000d7b552d0 00000000d5c4b478
0x00007f23567e63f8:   0000000000000000 00000000f84f6db8
0x00007f23567e6408:   00000000e2219dd0 000000005ed04a33
0x00007f23567e6418:   00000000d5c4b0c8 00000000f6cf2c98
0x00007f23567e6428:   0000000000000000 00000000d5c4acb8
0x00007f23567e6438:   0000000000000000 00000000e2361448
0x00007f23567e6448:   00000000d5c4b320 00000000d5c4b390
0x00007f23567e6458:   00000000d5c4b3b0 0000000000000000
0x00007f23567e6468:   00000000f84f6db8 00000000d5c4acf8
0x00007f23567e6478:   00000000e2219dd0 00000000d5c4b460
0x00007f23567e6488:   00000000e04ebe58 00000000e04ebe58
0x00007f23567e6498:   00007f23567e6498 00000000f71cef04 

Instructions: (pc=0x0000000000000000)
0xffffffffffffffe0:   

Register to memory mapping:

RAX=0xffffffffff600180 is an unknown value
RBX=0x00007f23567e6300 is pointing into the stack for thread: 0x0000000001c8a800
RCX=0x0000000000000016 is an unknown value
RDX=0xffffffffff600180 is an unknown value
RSP=0x00007f23567e62a8 is pointing into the stack for thread: 0x0000000001c8a800
RBP=0x00007f23567e62c0 is pointing into the stack for thread: 0x0000000001c8a800
RSI=0x0000000000000000 is an unknown value
RDI=0x00007f23567e6300 is pointing into the stack for thread: 0x0000000001c8a800
R8 =0x00000000e06802b8 is an oop
org.apache.log4j.Logger 
 - klass: 'org/apache/log4j/Logger'
R9 =0x00000000e0617fb8 is an oop
org.apache.log4j.Level 
 - klass: 'org/apache/log4j/Level'
R10=0x00007f236411fa30: <offset 0x68aa30> in /usr/lib/jvm/java-6-openjdk/jre/lib/amd64/server/libjvm.so at 0x00007f2363a95000
R11=0x00007f235f35f550 [CodeBlob (0x00007f235f35f550)]
Framesize: 4
R12=0x000000000049c4fa is an unknown value
R13=0x00007f23567e6350 is pointing into the stack for thread: 0x0000000001c8a800
R14=0x00007f23567e6408 is pointing into the stack for thread: 0x0000000001c8a800
R15=0x0000000001c8a800 is a thread


Stack: [0x00007f23566e7000,0x00007f23567e8000],  sp=0x00007f23567e62a8,  free space=1020k

---------------  P R O C E S S  ---------------

Java Threads: ( => current thread )
  0x0000000003ddb800 JavaThread "Timer-20" daemon [_thread_blocked, id=3692, stack(0x00007f235197f000,0x00007f2351a80000)]
  0x0000000001cbe000 JavaThread "Timer-16" daemon [_thread_blocked, id=3525, stack(0x00007f2351b81000,0x00007f2351c82000)]
  0x0000000002235000 JavaThread "Timer-12" daemon [_thread_blocked, id=3458, stack(0x00007f23530e0000,0x00007f23531e1000)]
  0x00000000020d6000 JavaThread "Java2D Disposer" daemon [_thread_blocked, id=3442, stack(0x00007f235253d000,0x00007f235263e000)]
  0x00000000028af000 JavaThread "Timer-11" daemon [_thread_blocked, id=3040, stack(0x00007f2352f5f000,0x00007f2353060000)]
  0x00007f23588d8000 JavaThread "TP-Monitor" daemon [_thread_blocked, id=3039, stack(0x00007f23531e1000,0x00007f23532e2000)]
  0x00007f23588d6000 JavaThread "TP-Processor25" daemon [_thread_in_native, id=3038, stack(0x00007f23532e2000,0x00007f23533e3000)]
  0x00007f23588d4000 JavaThread "TP-Processor24" daemon [_thread_blocked, id=3037, stack(0x00007f23533e3000,0x00007f23534e4000)]
  0x00007f2358dea800 JavaThread "TP-Processor23" daemon [_thread_blocked, id=3036, stack(0x00007f23534e4000,0x00007f23535e5000)]
  0x00007f2358de8800 JavaThread "TP-Processor22" daemon [_thread_blocked, id=3035, stack(0x00007f23535e5000,0x00007f23536e6000)]
  0x00007f2358de6800 JavaThread "TP-Processor21" daemon [_thread_blocked, id=3034, stack(0x00007f23536e6000,0x00007f23537e7000)]
  0x00007f2358de4800 JavaThread "TP-Processor20" daemon [_thread_blocked, id=3033, stack(0x00007f23537e7000,0x00007f23538e8000)]
  0x00007f2358257000 JavaThread "TP-Processor19" daemon [_thread_blocked, id=3032, stack(0x00007f23538e8000,0x00007f23539e9000)]
  0x00007f2358255000 JavaThread "TP-Processor18" daemon [_thread_blocked, id=3031, stack(0x00007f23539e9000,0x00007f2353aea000)]
  0x00007f2358253000 JavaThread "TP-Processor17" daemon [_thread_blocked, id=3030, stack(0x00007f2353aea000,0x00007f2353beb000)]
  0x00007f2358251000 JavaThread "TP-Processor16" daemon [_thread_blocked, id=3029, stack(0x00007f2353beb000,0x00007f2353cec000)]
  0x00007f2358d9c800 JavaThread "TP-Processor15" daemon [_thread_blocked, id=3028, stack(0x00007f2353cec000,0x00007f2353ded000)]
  0x00007f2358d9a800 JavaThread "TP-Processor14" daemon [_thread_blocked, id=3027, stack(0x00007f2353ded000,0x00007f2353eee000)]
  0x00007f2358d98800 JavaThread "TP-Processor13" daemon [_thread_blocked, id=3026, stack(0x00007f2353eee000,0x00007f2353fef000)]
  0x00007f2358d97000 JavaThread "TP-Processor12" daemon [_thread_blocked, id=3025, stack(0x00007f2353fef000,0x00007f23540f0000)]
  0x00007f23581eb800 JavaThread "TP-Processor11" daemon [_thread_blocked, id=3024, stack(0x00007f23540f0000,0x00007f23541f1000)]
  0x00007f23581e9800 JavaThread "TP-Processor10" daemon [_thread_blocked, id=3023, stack(0x00007f23541f1000,0x00007f23542f2000)]
  0x00007f23581e2800 JavaThread "TP-Processor9" daemon [_thread_blocked, id=3022, stack(0x00007f23542f2000,0x00007f23543f3000)]
  0x00007f23581e0800 JavaThread "TP-Processor8" daemon [_thread_blocked, id=3021, stack(0x00007f23543f3000,0x00007f23544f4000)]
  0x00007f2358cf7000 JavaThread "TP-Processor7" daemon [_thread_blocked, id=3020, stack(0x00007f23544f4000,0x00007f23545f5000)]
  0x00007f235895e800 JavaThread "TP-Processor6" daemon [_thread_blocked, id=3019, stack(0x00007f23545f5000,0x00007f23546f6000)]
  0x00007f23586e9800 JavaThread "TP-Processor5" daemon [_thread_blocked, id=3018, stack(0x00007f23546f6000,0x00007f23547f7000)]
  0x00007f23581f1000 JavaThread "TP-Processor4" daemon [_thread_blocked, id=3017, stack(0x00007f23547f7000,0x00007f23548f8000)]
  0x00007f235852d000 JavaThread "TP-Processor3" daemon [_thread_blocked, id=3016, stack(0x00007f23548f8000,0x00007f23549f9000)]
  0x00007f235903f800 JavaThread "TP-Processor2" daemon [_thread_blocked, id=3015, stack(0x00007f23549f9000,0x00007f2354afa000)]
  0x00007f23586ef000 JavaThread "TP-Processor1" daemon [_thread_blocked, id=3014, stack(0x00007f2354afa000,0x00007f2354bfb000)]
  0x00007f2358170800 JavaThread "http-48180-Acceptor-0" daemon [_thread_in_native, id=3013, stack(0x00007f235d612000,0x00007f235d713000)]
  0x00007f2358274000 JavaThread "ContainerBackgroundProcessor[StandardEngine[Catalina]]" daemon [_thread_in_vm, id=3012, stack(0x00007f235d713000,0x00007f235d814000)]
  0x0000000002b2a800 JavaThread "Thread-56" [_thread_blocked, id=3011, stack(0x00007f2354bfb000,0x00007f2354cfc000)]
  0x0000000002e29000 JavaThread "MultiThreadedHttpConnectionManager cleanup" daemon [_thread_blocked, id=3010, stack(0x00007f23561e2000,0x00007f23562e3000)]
  0x000000000220b800 JavaThread "AppDeploysStatusMonitor" [_thread_in_native, id=3009, stack(0x00007f23562e3000,0x00007f23563e4000)]
  0x0000000001e5b800 JavaThread "Thread-53" daemon [_thread_blocked, id=3008, stack(0x00007f23563e4000,0x00007f23564e5000)]
  0x0000000001e5a800 JavaThread "Thread-52" daemon [_thread_blocked, id=3007, stack(0x00007f23564e5000,0x00007f23565e6000)]
  0x0000000001e58800 JavaThread "Timer-10" [_thread_blocked, id=3006, stack(0x00007f23565e6000,0x00007f23566e7000)]
=>0x0000000001c8a800 JavaThread "Timer-9" [_thread_in_Java, id=3005, stack(0x00007f23566e7000,0x00007f23567e8000)]
  0x00000000029c6000 JavaThread "AssetLocatorMonitor" [_thread_blocked, id=3004, stack(0x00007f23567e8000,0x00007f23568e9000)]
  0x0000000002b4f000 JavaThread "Thread-48" daemon [_thread_blocked, id=3003, stack(0x00007f23568e9000,0x00007f23569ea000)]
  0x0000000002b4d000 JavaThread "Thread-47" daemon [_thread_blocked, id=3002, stack(0x00007f23569ea000,0x00007f2356aeb000)]
  0x000000000450c000 JavaThread "Thread-46" daemon [_thread_blocked, id=3001, stack(0x00007f2356aeb000,0x00007f2356bec000)]
  0x0000000004509800 JavaThread "Thread-45" daemon [_thread_blocked, id=3000, stack(0x00007f2356bec000,0x00007f2356ced000)]
  0x0000000003708000 JavaThread "Thread-44" daemon [_thread_blocked, id=2999, stack(0x00007f2356ced000,0x00007f2356dee000)]
  0x0000000003706000 JavaThread "Thread-43" daemon [_thread_blocked, id=2998, stack(0x00007f2356dee000,0x00007f2356eef000)]
  0x0000000003dfb000 JavaThread "Thread-42" daemon [_thread_blocked, id=2997, stack(0x00007f2356eef000,0x00007f2356ff0000)]
  0x0000000003df8800 JavaThread "Thread-41" daemon [_thread_blocked, id=2996, stack(0x00007f2356ff0000,0x00007f23570f1000)]
  0x00000000022ee800 JavaThread "Thread-40" daemon [_thread_blocked, id=2995, stack(0x00007f23570f1000,0x00007f23571f2000)]
  0x00000000022ec000 JavaThread "Thread-39" daemon [_thread_blocked, id=2994, stack(0x00007f23571f2000,0x00007f23572f3000)]
  0x0000000001957000 JavaThread "Thread-38" daemon [_thread_blocked, id=2993, stack(0x00007f23572f3000,0x00007f23573f4000)]
  0x0000000001954800 JavaThread "Thread-37" daemon [_thread_blocked, id=2992, stack(0x00007f23573f4000,0x00007f23574f5000)]
  0x0000000002c63800 JavaThread "Thread-36" daemon [_thread_blocked, id=2991, stack(0x00007f23574f5000,0x00007f23575f6000)]
  0x0000000002c61000 JavaThread "Thread-35" daemon [_thread_blocked, id=2990, stack(0x00007f23575f6000,0x00007f23576f7000)]
  0x00000000038cb000 JavaThread "Thread-34" daemon [_thread_blocked, id=2989, stack(0x00007f23576f7000,0x00007f23577f8000)]
  0x00000000038c8800 JavaThread "Thread-33" daemon [_thread_blocked, id=2988, stack(0x00007f23577f8000,0x00007f23578f9000)]
  0x0000000002794000 JavaThread "Thread-32" daemon [_thread_blocked, id=2987, stack(0x00007f23578f9000,0x00007f23579fa000)]
  0x0000000002791800 JavaThread "Thread-31" daemon [_thread_blocked, id=2986, stack(0x00007f23579fa000,0x00007f2357afb000)]
  0x00000000039bd000 JavaThread "Thread-30" daemon [_thread_blocked, id=2985, stack(0x00007f2357afb000,0x00007f2357bfc000)]
  0x00000000039bb800 JavaThread "Thread-29" daemon [_thread_blocked, id=2984, stack(0x00007f2357bfc000,0x00007f2357cfd000)]
  0x0000000003bb6800 JavaThread "Thread-28" daemon [_thread_blocked, id=2983, stack(0x00007f2357cfd000,0x00007f2357dfe000)]
  0x00000000021f2000 JavaThread "Thread-27" daemon [_thread_blocked, id=2982, stack(0x00007f2357dfe000,0x00007f2357eff000)]
  0x00000000021ef800 JavaThread "Thread-26" daemon [_thread_blocked, id=2981, stack(0x00007f2357eff000,0x00007f2358000000)]
  0x0000000001962000 JavaThread "Thread-25" daemon [_thread_blocked, id=2980, stack(0x00007f235c0bf000,0x00007f235c1c0000)]
  0x00000000036a4000 JavaThread "Thread-24" daemon [_thread_blocked, id=2979, stack(0x00007f235c1c0000,0x00007f235c2c1000)]
  0x00000000036a1800 JavaThread "Thread-23" daemon [_thread_blocked, id=2978, stack(0x00007f235c2c1000,0x00007f235c3c2000)]
  0x0000000003bf0800 JavaThread "Thread-22" daemon [_thread_blocked, id=2977, stack(0x00007f235c3c2000,0x00007f235c4c3000)]
  0x00000000024cb800 JavaThread "Thread-21" daemon [_thread_blocked, id=2976, stack(0x00007f235c4c3000,0x00007f235c5c4000)]
  0x00000000024ca000 JavaThread "Thread-20" daemon [_thread_blocked, id=2975, stack(0x00007f235c5c4000,0x00007f235c6c5000)]
  0x0000000001e96800 JavaThread "Thread-19" daemon [_thread_blocked, id=2974, stack(0x00007f235c6c5000,0x00007f235c7c6000)]
  0x0000000004516800 JavaThread "Thread-18" daemon [_thread_blocked, id=2973, stack(0x00007f235cbd1000,0x00007f235ccd2000)]
  0x0000000003926000 JavaThread "Timer-8" [_thread_blocked, id=2972, stack(0x00007f235cad0000,0x00007f235cbd1000)]
  0x00007f235a681800 JavaThread "MaintThread" daemon [_thread_blocked, id=2971, stack(0x00007f235ced4000,0x00007f235cfd5000)]
  0x00007f2359dde000 JavaThread "com.mchange.v2.async.ThreadPoolAsynchronousRunner$PoolThread-#2" daemon [_thread_blocked, id=2967, stack(0x00007f235ccd2000,0x00007f235cdd3000)]
  0x00007f235a7c3000 JavaThread "com.mchange.v2.async.ThreadPoolAsynchronousRunner$PoolThread-#1" daemon [_thread_blocked, id=2966, stack(0x00007f235cdd3000,0x00007f235ced4000)]
  0x00007f235943c000 JavaThread "com.mchange.v2.async.ThreadPoolAsynchronousRunner$PoolThread-#0" daemon [_thread_blocked, id=2965, stack(0x00007f235cfd5000,0x00007f235d0d6000)]
  0x00007f235840b800 JavaThread "Timer-4" daemon [_thread_blocked, id=2964, stack(0x00007f235d0d6000,0x00007f235d1d7000)]
  0x00007f235841b800 JavaThread "com.mchange.v2.async.ThreadPoolAsynchronousRunner$PoolThread-#2" daemon [_thread_blocked, id=2960, stack(0x00007f235d1d7000,0x00007f235d2d8000)]
  0x00007f23586f0800 JavaThread "com.mchange.v2.async.ThreadPoolAsynchronousRunner$PoolThread-#1" daemon [_thread_blocked, id=2959, stack(0x00007f235d2d8000,0x00007f235d3d9000)]
  0x00007f23586f1800 JavaThread "com.mchange.v2.async.ThreadPoolAsynchronousRunner$PoolThread-#0" daemon [_thread_blocked, id=2958, stack(0x00007f235d3d9000,0x00007f235d4da000)]
  0x00007f2358916800 JavaThread "Timer-0" daemon [_thread_blocked, id=2957, stack(0x00007f235d4da000,0x00007f235d5db000)]
  0x0000000001889000 JavaThread "Low Memory Detector" daemon [_thread_blocked, id=2955, stack(0x00007f235dd6d000,0x00007f235de6e000)]
  0x0000000001883800 JavaThread "C2 CompilerThread1" daemon [_thread_blocked, id=2954, stack(0x00007f235de6e000,0x00007f235df6f000)]
  0x0000000001881800 JavaThread "C2 CompilerThread0" daemon [_thread_blocked, id=2953, stack(0x00007f235df6f000,0x00007f235e070000)]
  0x0000000001875000 JavaThread "JDWP Event Helper Thread" daemon [_thread_blocked, id=2952, stack(0x00007f235e070000,0x00007f235e171000)]
  0x0000000001871800 JavaThread "JDWP Transport Listener: dt_socket" daemon [_thread_in_native, id=2951, stack(0x00007f235e171000,0x00007f235e272000)]
  0x0000000001866800 JavaThread "Signal Dispatcher" daemon [_thread_blocked, id=2950, stack(0x00007f235e477000,0x00007f235e578000)]
  0x0000000001842800 JavaThread "Finalizer" daemon [_thread_blocked, id=2949, stack(0x00007f235e578000,0x00007f235e679000)]
  0x0000000001840800 JavaThread "Reference Handler" daemon [_thread_blocked, id=2948, stack(0x00007f235e679000,0x00007f235e77a000)]
  0x00000000017db000 JavaThread "main" [_thread_in_native, id=2946, stack(0x00007f2365369000,0x00007f236546a000)]

Other Threads:
  0x0000000001839800 VMThread [stack: 0x00007f235e77a000,0x00007f235e87b000] [id=2947]
  0x000000000188c000 WatcherThread [stack: 0x00007f235dc6c000,0x00007f235dd6d000] [id=2956]

VM state:synchronizing (normal execution)

VM Mutex/Monitor currently owned by a thread:  ([mutex/lock_event])
[0x00000000017d7c00] Safepoint_lock - owner thread: 0x0000000001839800
[0x00000000017d7c80] Threads_lock - owner thread: 0x0000000001839800
[0x00000000017d8180] Heap_lock - owner thread: 0x00007f2358274000

Heap
 def new generation   total 41664K, used 37188K [0x00000000d5a00000, 0x00000000d8730000, 0x00000000e04a0000)
  eden space 37056K, 100% used [0x00000000d5a00000, 0x00000000d7e30000, 0x00000000d7e30000)
  from space 4608K,   2% used [0x00000000d7e30000, 0x00000000d7e51340, 0x00000000d82b0000)
  to   space 4608K,   0% used [0x00000000d82b0000, 0x00000000d82b0000, 0x00000000d8730000)
 tenured generation   total 92464K, used 77013K [0x00000000e04a0000, 0x00000000e5eec000, 0x00000000f5a00000)
   the space 92464K,  83% used [0x00000000e04a0000, 0x00000000e4fd5700, 0x00000000e4fd5800, 0x00000000e5eec000)
 compacting perm gen  total 68288K, used 68225K [0x00000000f5a00000, 0x00000000f9cb0000, 0x0000000100000000)
   the space 68288K,  99% used [0x00000000f5a00000, 0x00000000f9ca07d8, 0x00000000f9ca0800, 0x00000000f9cb0000)
No shared spaces configured.

Code Cache  [0x00007f235ecff000, 0x00007f235f5af000, 0x00007f2361cff000)
 total_blobs=2454 nmethods=1919 adapters=496 free_code_cache=41380544 largest_free_block=39744

Dynamic libraries:
00400000-00409000 r-xp 00000000 fb:03 3977                               /usr/lib/jvm/java-6-openjdk/jre/bin/java
00608000-00609000 r--p 00008000 fb:03 3977                               /usr/lib/jvm/java-6-openjdk/jre/bin/java
00609000-0060a000 rw-p 00009000 fb:03 3977                               /usr/lib/jvm/java-6-openjdk/jre/bin/java
017c6000-04926000 rw-p 00000000 00:00 0                                  [heap]
d5a00000-d8730000 rw-p 00000000 00:00 0 
d8730000-e04a0000 rw-p 00000000 00:00 0 
e04a0000-e5eec000 rw-p 00000000 00:00 0 
e5eec000-e62dc000 ---p 00000000 00:00 0 
e62dc000-f5a00000 rw-p 00000000 00:00 0 
f5a00000-f9cb0000 rw-p 00000000 00:00 0 
f9cb0000-f9ce0000 ---p 00000000 00:00 0 
f9ce0000-100000000 rw-p 00000000 00:00 0 
7f235197f000-7f2351982000 ---p 00000000 00:00 0 
7f2351982000-7f2351a80000 rw-p 00000000 00:00 0 
7f2351a80000-7f2351a83000 ---p 00000000 00:00 0 
7f2351a83000-7f2351b81000 rw-p 00000000 00:00 0 
7f2351b81000-7f2351b84000 ---p 00000000 00:00 0 
7f2351b84000-7f2351c82000 rw-p 00000000 00:00 0 
7f2351c82000-7f2351c85000 ---p 00000000 00:00 0 
7f2351c85000-7f2351d83000 rw-p 00000000 00:00 0 
7f2351e55000-7f2351ed5000 r-xp 00000000 fb:03 18943                      /usr/lib/libfreetype.so.6.3.22
7f2351ed5000-7f23520d5000 ---p 00080000 fb:03 18943                      /usr/lib/libfreetype.so.6.3.22
7f23520d5000-7f23520da000 r--p 00080000 fb:03 18943                      /usr/lib/libfreetype.so.6.3.22
7f23520da000-7f23520db000 rw-p 00085000 fb:03 18943                      /usr/lib/libfreetype.so.6.3.22
7f23520db000-7f2352116000 r-xp 00000000 fb:03 3994                       /usr/lib/jvm/java-6-openjdk/jre/lib/amd64/libfontmanager.so
7f2352116000-7f2352316000 ---p 0003b000 fb:03 3994                       /usr/lib/jvm/java-6-openjdk/jre/lib/amd64/libfontmanager.so
7f2352316000-7f2352318000 r--p 0003b000 fb:03 3994                       /usr/lib/jvm/java-6-openjdk/jre/lib/amd64/libfontmanager.so
7f2352318000-7f2352319000 rw-p 0003d000 fb:03 3994                       /usr/lib/jvm/java-6-openjdk/jre/lib/amd64/libfontmanager.so
7f2352319000-7f235233c000 r-xp 00000000 fb:03 3930                       /usr/lib/libjpeg.so.62.0.0
7f235233c000-7f235253b000 ---p 00023000 fb:03 3930                       /usr/lib/libjpeg.so.62.0.0
7f235253b000-7f235253c000 r--p 00022000 fb:03 3930                       /usr/lib/libjpeg.so.62.0.0
7f235253c000-7f235253d000 rw-p 00023000 fb:03 3930                       /usr/lib/libjpeg.so.62.0.0
7f235253d000-7f2352540000 ---p 00000000 00:00 0 
7f2352540000-7f235263e000 rw-p 00000000 00:00 0 
7f235263e000-7f2352648000 r-xp 00000000 fb:03 4014                       /usr/lib/jvm/java-6-openjdk/jre/lib/amd64/libjpeg.so
7f2352648000-7f2352847000 ---p 0000a000 fb:03 4014                       /usr/lib/jvm/java-6-openjdk/jre/lib/amd64/libjpeg.so
7f2352847000-7f2352848000 r--p 00009000 fb:03 4014                       /usr/lib/jvm/java-6-openjdk/jre/lib/amd64/libjpeg.so
7f2352848000-7f2352849000 rw-p 0000a000 fb:03 4014                       /usr/lib/jvm/java-6-openjdk/jre/lib/amd64/libjpeg.so
7f2352849000-7f235287b000 r-xp 00000000 fb:03 4021                       /usr/lib/jvm/java-6-openjdk/jre/lib/amd64/liblcms.so
7f235287b000-7f2352a7a000 ---p 00032000 fb:03 4021                       /usr/lib/jvm/java-6-openjdk/jre/lib/amd64/liblcms.so
7f2352a7a000-7f2352a7b000 r--p 00031000 fb:03 4021                       /usr/lib/jvm/java-6-openjdk/jre/lib/amd64/liblcms.so
7f2352a7b000-7f2352a7c000 rw-p 00032000 fb:03 4021                       /usr/lib/jvm/java-6-openjdk/jre/lib/amd64/liblcms.so
7f2352a7c000-7f2352a7e000 rw-p 00000000 00:00 0 
7f2352a7e000-7f2352a84000 r-xp 00000000 fb:03 4004                       /usr/lib/jvm/java-6-openjdk/jre/lib/amd64/headless/libmawt.so
7f2352a84000-7f2352c83000 ---p 00006000 fb:03 4004                       /usr/lib/jvm/java-6-openjdk/jre/lib/amd64/headless/libmawt.so
7f2352c83000-7f2352c84000 r--p 00005000 fb:03 4004                       /usr/lib/jvm/java-6-openjdk/jre/lib/amd64/headless/libmawt.so
7f2352c84000-7f2352c85000 rw-p 00006000 fb:03 4004                       /usr/lib/jvm/java-6-openjdk/jre/lib/amd64/headless/libmawt.so
7f2352c85000-7f2352d2f000 r-xp 00000000 fb:03 4001                       /usr/lib/jvm/java-6-openjdk/jre/lib/amd64/libawt.so
7f2352d2f000-7f2352f2e000 ---p 000aa000 fb:03 4001                       /usr/lib/jvm/java-6-openjdk/jre/lib/amd64/libawt.so
7f2352f2e000-7f2352f2f000 r--p 000a9000 fb:03 4001                       /usr/lib/jvm/java-6-openjdk/jre/lib/amd64/libawt.so
7f2352f2f000-7f2352f3a000 rw-p 000aa000 fb:03 4001                       /usr/lib/jvm/java-6-openjdk/jre/lib/amd64/libawt.so
7f2352f3a000-7f2352f5f000 rw-p 00000000 00:00 0 
7f2352f5f000-7f2352f62000 ---p 00000000 00:00 0 
7f2352f62000-7f2353060000 rw-p 00000000 00:00 0 
7f235308d000-7f2353094000 r--s 000fb000 fb:03 3838                       /usr/lib/jvm/java-6-openjdk/jre/lib/resources.jar
7f23530e0000-7f23530e3000 ---p 00000000 00:00 0 
7f23530e3000-7f23531e1000 rw-p 00000000 00:00 0 
7f23531e1000-7f23531e4000 ---p 00000000 00:00 0 
7f23531e4000-7f23532e2000 rw-p 00000000 00:00 0 
7f23532e2000-7f23532e5000 ---p 00000000 00:00 0 
7f23532e5000-7f23533e3000 rw-p 00000000 00:00 0 
7f23533e3000-7f23533e6000 ---p 00000000 00:00 0 
7f23533e6000-7f23534e4000 rw-p 00000000 00:00 0 
7f23534e4000-7f23534e7000 ---p 00000000 00:00 0 
7f23534e7000-7f23535e5000 rw-p 00000000 00:00 0 
7f23535e5000-7f23535e8000 ---p 00000000 00:00 0 
7f23535e8000-7f23536e6000 rw-p 00000000 00:00 0 
7f23536e6000-7f23536e9000 ---p 00000000 00:00 0 
7f23536e9000-7f23537e7000 rw-p 00000000 00:00 0 
7f23537e7000-7f23537ea000 ---p 00000000 00:00 0 
7f23537ea000-7f23538e8000 rw-p 00000000 00:00 0 
7f23538e8000-7f23538eb000 ---p 00000000 00:00 0 
7f23538eb000-7f23539e9000 rw-p 00000000 00:00 0 
7f23539e9000-7f23539ec000 ---p 00000000 00:00 0 
7f23539ec000-7f2353aea000 rw-p 00000000 00:00 0 
7f2353aea000-7f2353aed000 ---p 00000000 00:00 0 
7f2353aed000-7f2353beb000 rw-p 00000000 00:00 0 
7f2353beb000-7f2353bee000 ---p 00000000 00:00 0 
7f2353bee000-7f2353cec000 rw-p 00000000 00:00 0 
7f2353cec000-7f2353cef000 ---p 00000000 00:00 0 
7f2353cef000-7f2353ded000 rw-p 00000000 00:00 0 
7f2353ded000-7f2353df0000 ---p 00000000 00:00 0 
7f2353df0000-7f2353eee000 rw-p 00000000 00:00 0 
7f2353eee000-7f2353ef1000 ---p 00000000 00:00 0 
7f2353ef1000-7f2353fef000 rw-p 00000000 00:00 0 
7f2353fef000-7f2353ff2000 ---p 00000000 00:00 0 
7f2353ff2000-7f23540f0000 rw-p 00000000 00:00 0 
7f23540f0000-7f23540f3000 ---p 00000000 00:00 0 
7f23540f3000-7f23541f1000 rw-p 00000000 00:00 0 
7f23541f1000-7f23541f4000 ---p 00000000 00:00 0 
7f23541f4000-7f23542f2000 rw-p 00000000 00:00 0 
7f23542f2000-7f23542f5000 ---p 00000000 00:00 0 
7f23542f5000-7f23543f3000 rw-p 00000000 00:00 0 
7f23543f3000-7f23543f6000 ---p 00000000 00:00 0 
7f23543f6000-7f23544f4000 rw-p 00000000 00:00 0 
7f23544f4000-7f23544f7000 ---p 00000000 00:00 0 
7f23544f7000-7f23545f5000 rw-p 00000000 00:00 0 
7f23545f5000-7f23545f8000 ---p 00000000 00:00 0 
7f23545f8000-7f23546f6000 rw-p 00000000 00:00 0 
7f23546f6000-7f23546f9000 ---p 00000000 00:00 0 
7f23546f9000-7f23547f7000 rw-p 00000000 00:00 0 
7f23547f7000-7f23547fa000 ---p 00000000 00:00 0 
7f23547fa000-7f23548f8000 rw-p 00000000 00:00 0 
7f23548f8000-7f23548fb000 ---p 00000000 00:00 0 
7f23548fb000-7f23549f9000 rw-p 00000000 00:00 0 
7f23549f9000-7f23549fc000 ---p 00000000 00:00 0 
7f23549fc000-7f2354afa000 rw-p 00000000 00:00 0 
7f2354afa000-7f2354afd000 ---p 00000000 00:00 0 
7f2354afd000-7f2354bfb000 rw-p 00000000 00:00 0 
7f2354bfb000-7f2354bfe000 ---p 00000000 00:00 0 
7f2354bfe000-7f2354cfc000 rw-p 00000000 00:00 0 
7f2354cfc000-7f2354d62000 r-xp 00000000 fb:03 3960                       /usr/lib/nss/libfreebl3.so
7f2354d62000-7f2354f62000 ---p 00066000 fb:03 3960                       /usr/lib/nss/libfreebl3.so
7f2354f62000-7f2354f63000 r--p 00066000 fb:03 3960                       /usr/lib/nss/libfreebl3.so
7f2354f63000-7f2354f64000 rw-p 00067000 fb:03 3960                       /usr/lib/nss/libfreebl3.so
7f2354f64000-7f2354f68000 rw-p 00000000 00:00 0 
7f2354f68000-7f2354ff2000 r-xp 00000000 fb:03 8901                       /usr/lib/libsqlite3.so.0.8.6
7f2354ff2000-7f23551f1000 ---p 0008a000 fb:03 8901                       /usr/lib/libsqlite3.so.0.8.6
7f23551f1000-7f23551f3000 r--p 00089000 fb:03 8901                       /usr/lib/libsqlite3.so.0.8.6
7f23551f3000-7f23551f5000 rw-p 0008b000 fb:03 8901                       /usr/lib/libsqlite3.so.0.8.6
7f23551f5000-7f2355234000 r-xp 00000000 fb:03 3964                       /usr/lib/nss/libsoftokn3.so
7f2355234000-7f2355433000 ---p 0003f000 fb:03 3964                       /usr/lib/nss/libsoftokn3.so
7f2355433000-7f2355435000 r--p 0003e000 fb:03 3964                       /usr/lib/nss/libsoftokn3.so
7f2355435000-7f2355436000 rw-p 00040000 fb:03 3964                       /usr/lib/nss/libsoftokn3.so
7f2355436000-7f235546d000 r-xp 00000000 fb:03 3947                       /usr/lib/libnspr4.so
7f235546d000-7f235566d000 ---p 00037000 fb:03 3947                       /usr/lib/libnspr4.so
7f235566d000-7f235566e000 r--p 00037000 fb:03 3947                       /usr/lib/libnspr4.so
7f235566e000-7f235566f000 rw-p 00038000 fb:03 3947                       /usr/lib/libnspr4.so
7f235566f000-7f2355672000 rw-p 00000000 00:00 0 
7f2355672000-7f2355675000 r-xp 00000000 fb:03 3946                       /usr/lib/libplds4.so
7f2355675000-7f2355874000 ---p 00003000 fb:03 3946                       /usr/lib/libplds4.so
7f2355874000-7f2355875000 r--p 00002000 fb:03 3946                       /usr/lib/libplds4.so
7f2355875000-7f2355876000 rw-p 00003000 fb:03 3946                       /usr/lib/libplds4.so
7f2355876000-7f235587a000 r-xp 00000000 fb:03 3945                       /usr/lib/libplc4.so
7f235587a000-7f2355a79000 ---p 00004000 fb:03 3945                       /usr/lib/libplc4.so
7f2355a79000-7f2355a7a000 r--p 00003000 fb:03 3945                       /usr/lib/libplc4.so
7f2355a7a000-7f2355a7b000 rw-p 00004000 fb:03 3945                       /usr/lib/libplc4.so
7f2355a7b000-7f2355a95000 r-xp 00000000 fb:03 3954                       /usr/lib/libnssutil3.so
7f2355a95000-7f2355c94000 ---p 0001a000 fb:03 3954                       /usr/lib/libnssutil3.so
7f2355c94000-7f2355c99000 r--p 00019000 fb:03 3954                       /usr/lib/libnssutil3.so
7f2355c99000-7f2355c9a000 rw-p 0001e000 fb:03 3954                       /usr/lib/libnssutil3.so
7f2355c9a000-7f2355dca000 r-xp 00000000 fb:03 3953                       /usr/lib/libnss3.so
7f2355dca000-7f2355fc9000 ---p 00130000 fb:03 3953                       /usr/lib/libnss3.so
7f2355fc9000-7f2355fce000 r--p 0012f000 fb:03 3953                       /usr/lib/libnss3.so
7f2355fce000-7f2355fd0000 rw-p 00134000 fb:03 3953                       /usr/lib/libnss3.so
7f2355fd0000-7f2355fd2000 rw-p 00000000 00:00 0 
7f2355fd2000-7f2355fe0000 r-xp 00000000 fb:03 4015                       /usr/lib/jvm/java-6-openjdk/jre/lib/amd64/libj2pkcs11.so
7f2355fe0000-7f23561e0000 ---p 0000e000 fb:03 4015                       /usr/lib/jvm/java-6-openjdk/jre/lib/amd64/libj2pkcs11.so
7f23561e0000-7f23561e1000 r--p 0000e000 fb:03 4015                       /usr/lib/jvm/java-6-openjdk/jre/lib/amd64/libj2pkcs11.so
7f23561e1000-7f23561e2000 rw-p 0000f000 fb:03 4015                       /usr/lib/jvm/java-6-openjdk/jre/lib/amd64/libj2pkcs11.so
7f23561e2000-7f23561e5000 ---p 00000000 00:00 0 
7f23561e5000-7f23562e3000 rw-p 00000000 00:00 0 
7f23562e3000-7f23562e6000 ---p 00000000 00:00 0 
7f23562e6000-7f23563e4000 rw-p 00000000 00:00 0 
7f23563e4000-7f23563e7000 ---p 00000000 00:00 0 
7f23563e7000-7f23564e5000 rw-p 00000000 00:00 0 
7f23564e5000-7f23564e8000 ---p 00000000 00:00 0 
7f23564e8000-7f23565e6000 rw-p 00000000 00:00 0 
7f23565e6000-7f23565e9000 ---p 00000000 00:00 0 
7f23565e9000-7f23566e7000 rw-p 00000000 00:00 0 
7f23566e7000-7f23566ea000 ---p 00000000 00:00 0 
7f23566ea000-7f23567e8000 rw-p 00000000 00:00 0 
7f23567e8000-7f23567eb000 ---p 00000000 00:00 0 
7f23567eb000-7f23568e9000 rw-p 00000000 00:00 0 
7f23568e9000-7f23568ec000 ---p 00000000 00:00 0 
7f23568ec000-7f23569ea000 rw-p 00000000 00:00 0 
7f23569ea000-7f23569ed000 ---p 00000000 00:00 0 
7f23569ed000-7f2356aeb000 rw-p 00000000 00:00 0 
7f2356aeb000-7f2356aee000 ---p 00000000 00:00 0 
7f2356aee000-7f2356bec000 rw-p 00000000 00:00 0 
7f2356bec000-7f2356bef000 ---p 00000000 00:00 0 
7f2356bef000-7f2356ced000 rw-p 00000000 00:00 0 
7f2356ced000-7f2356cf0000 ---p 00000000 00:00 0 
7f2356cf0000-7f2356dee000 rw-p 00000000 00:00 0 
7f2356dee000-7f2356df1000 ---p 00000000 00:00 0 
7f2356df1000-7f2356eef000 rw-p 00000000 00:00 0 
7f2356eef000-7f2356ef2000 ---p 00000000 00:00 0 
7f2356ef2000-7f2356ff0000 rw-p 00000000 00:00 0 
7f2356ff0000-7f2356ff3000 ---p 00000000 00:00 0 
7f2356ff3000-7f23570f1000 rw-p 00000000 00:00 0 
7f23570f1000-7f23570f4000 ---p 00000000 00:00 0 
7f23570f4000-7f23571f2000 rw-p 00000000 00:00 0 
7f23571f2000-7f23571f5000 ---p 00000000 00:00 0 
7f23571f5000-7f23572f3000 rw-p 00000000 00:00 0 
7f23572f3000-7f23572f6000 ---p 00000000 00:00 0 
7f23572f6000-7f23573f4000 rw-p 00000000 00:00 0 
7f23573f4000-7f23573f7000 ---p 00000000 00:00 0 
7f23573f7000-7f23574f5000 rw-p 00000000 00:00 0 
7f23574f5000-7f23574f8000 ---p 00000000 00:00 0 
7f23574f8000-7f23575f6000 rw-p 00000000 00:00 0 
7f23575f6000-7f23575f9000 ---p 00000000 00:00 0 
7f23575f9000-7f23576f7000 rw-p 00000000 00:00 0 
7f23576f7000-7f23576fa000 ---p 00000000 00:00 0 
7f23576fa000-7f23577f8000 rw-p 00000000 00:00 0 
7f23577f8000-7f23577fb000 ---p 00000000 00:00 0 
7f23577fb000-7f23578f9000 rw-p 00000000 00:00 0 
7f23578f9000-7f23578fc000 ---p 00000000 00:00 0 
7f23578fc000-7f23579fa000 rw-p 00000000 00:00 0 
7f23579fa000-7f23579fd000 ---p 00000000 00:00 0 
7f23579fd000-7f2357afb000 rw-p 00000000 00:00 0 
7f2357afb000-7f2357afe000 ---p 00000000 00:00 0 
7f2357afe000-7f2357bfc000 rw-p 00000000 00:00 0 
7f2357bfc000-7f2357bff000 ---p 00000000 00:00 0 
7f2357bff000-7f2357cfd000 rw-p 00000000 00:00 0 
7f2357cfd000-7f2357d00000 ---p 00000000 00:00 0 
7f2357d00000-7f2357dfe000 rw-p 00000000 00:00 0 
7f2357dfe000-7f2357e01000 ---p 00000000 00:00 0 
7f2357e01000-7f2357eff000 rw-p 00000000 00:00 0 
7f2357eff000-7f2357f02000 ---p 00000000 00:00 0 
7f2357f02000-7f2358000000 rw-p 00000000 00:00 0 
7f2358000000-7f235b9f9000 rw-p 00000000 00:00 0 
7f235b9f9000-7f235c000000 ---p 00000000 00:00 0 
7f235c0b6000-7f235c0ba000 r--s 00038000 fb:03 3835                       /usr/lib/jvm/java-6-openjdk/jre/lib/ext/sunpkcs11.jar
7f235c0ba000-7f235c0bc000 r--s 00013000 fb:03 3820                       /usr/lib/jvm/java-6-openjdk/jre/lib/jce.jar
7f235c0bc000-7f235c0bf000 r--s 00031000 fb:03 3832                       /usr/lib/jvm/java-6-openjdk/jre/lib/ext/sunjce_provider.jar
7f235c0bf000-7f235c0c2000 ---p 00000000 00:00 0 
7f235c0c2000-7f235c1c0000 rw-p 00000000 00:00 0 
7f235c1c0000-7f235c1c3000 ---p 00000000 00:00 0 
7f235c1c3000-7f235c2c1000 rw-p 00000000 00:00 0 
7f235c2c1000-7f235c2c4000 ---p 00000000 00:00 0 
7f235c2c4000-7f235c3c2000 rw-p 00000000 00:00 0 
7f235c3c2000-7f235c3c5000 ---p 00000000 00:00 0 
7f235c3c5000-7f235c4c3000 rw-p 00000000 00:00 0 
7f235c4c3000-7f235c4c6000 ---p 00000000 00:00 0 
7f235c4c6000-7f235c5c4000 rw-p 00000000 00:00 0 
7f235c5c4000-7f235c5c7000 ---p 00000000 00:00 0 
7f235c5c7000-7f235c6c5000 rw-p 00000000 00:00 0 
7f235c6c5000-7f235c6c8000 ---p 00000000 00:00 0 
7f235c6c8000-7f235c7c6000 rw-p 00000000 00:00 0 
7f235c7c6000-7f235c7ce000 r-xp 00000000 fb:03 4022                       /usr/lib/jvm/java-6-openjdk/jre/lib/amd64/libnio.so
7f235c7ce000-7f235c9cd000 ---p 00008000 fb:03 4022                       /usr/lib/jvm/java-6-openjdk/jre/lib/amd64/libnio.so
7f235c9cd000-7f235c9ce000 r--p 00007000 fb:03 4022                       /usr/lib/jvm/java-6-openjdk/jre/lib/amd64/libnio.so
7f235c9ce000-7f235c9cf000 rw-p 00008000 fb:03 4022                       /usr/lib/jvm/java-6-openjdk/jre/lib/amd64/libnio.so
7f235c9cf000-7f235c9d2000 ---p 00000000 00:00 0 
7f235c9d2000-7f235cad0000 rw-p 00000000 00:00 0 
7f235cad0000-7f235cad3000 ---p 00000000 00:00 0 
7f235cad3000-7f235cbd1000 rw-p 00000000 00:00 0 
7f235cbd1000-7f235cbd4000 ---p 00000000 00:00 0 
7f235cbd4000-7f235ccd2000 rw-p 00000000 00:00 0 
7f235ccd2000-7f235ccd5000 ---p 00000000 00:00 0 
7f235ccd5000-7f235cdd3000 rw-p 00000000 00:00 0 
7f235cdd3000-7f235cdd6000 ---p 00000000 00:00 0 
7f235cdd6000-7f235ced4000 rw-p 00000000 00:00 0 
7f235ced4000-7f235ced7000 ---p 00000000 00:00 0 
7f235ced7000-7f235cfd5000 rw-p 00000000 00:00 0 
7f235cfd5000-7f235cfd8000 ---p 00000000 00:00 0 
7f235cfd8000-7f235d0d6000 rw-p 00000000 00:00 0 
7f235d0d6000-7f235d0d9000 ---p 00000000 00:00 0 
7f235d0d9000-7f235d1d7000 rw-p 00000000 00:00 0 
7f235d1d7000-7f235d1da000 ---p 00000000 00:00 0 
7f235d1da000-7f235d2d8000 rw-p 00000000 00:00 0 
7f235d2d8000-7f235d2db000 ---p 00000000 00:00 0 
7f235d2db000-7f235d3d9000 rw-p 00000000 00:00 0 
7f235d3d9000-7f235d3dc000 ---p 00000000 00:00 0 
7f235d3dc000-7f235d4da000 rw-p 00000000 00:00 0 
7f235d4da000-7f235d4dd000 ---p 00000000 00:00 0 
7f235d4dd000-7f235d5db000 rw-p 00000000 00:00 0 
7f235d612000-7f235d615000 ---p 00000000 00:00 0 
7f235d615000-7f235d713000 rw-p 00000000 00:00 0 
7f235d713000-7f235d716000 ---p 00000000 00:00 0 
7f235d716000-7f235d814000 rw-p 00000000 00:00 0 
7f235d814000-7f235d817000 r--s 00077000 fb:03 3837                       /usr/lib/jvm/java-6-openjdk/jre/lib/ext/localedata.jar
7f235d817000-7f235d82c000 r-xp 00000000 fb:03 4010                       /usr/lib/jvm/java-6-openjdk/jre/lib/amd64/libnet.so
7f235d82c000-7f235da2b000 ---p 00015000 fb:03 4010                       /usr/lib/jvm/java-6-openjdk/jre/lib/amd64/libnet.so
7f235da2b000-7f235da2c000 r--p 00014000 fb:03 4010                       /usr/lib/jvm/java-6-openjdk/jre/lib/amd64/libnet.so
7f235da2c000-7f235da2d000 rw-p 00015000 fb:03 4010                       /usr/lib/jvm/java-6-openjdk/jre/lib/amd64/libnet.so
7f235da2d000-7f235da30000 r--s 0000f000 fb:03 276441                     /home/fh/tools/tomcat/node01/lib/tomcat-i18n-es.jar
7f235da30000-7f235da32000 r--s 0000c000 fb:03 276268                     /home/fh/tools/tomcat/node01/lib/tomcat-i18n-ja.jar
7f235da32000-7f235da33000 r--s 00007000 fb:03 276435                     /home/fh/tools/tomcat/node01/lib/el-api.jar
7f235da33000-7f235da3e000 r--s 000af000 fb:03 276444                     /home/fh/tools/tomcat/node01/lib/tomcat-coyote.jar
7f235da3e000-7f235da40000 r--s 0000c000 fb:03 276429                     /home/fh/tools/tomcat/node01/lib/catalina-ant.jar
7f235da40000-7f235da41000 r--s 00003000 fb:03 276428                     /home/fh/tools/tomcat/node01/lib/annotations-api.jar
7f235da41000-7f235da43000 r--s 0000b000 fb:03 276439                     /home/fh/tools/tomcat/node01/lib/tomcat-i18n-fr.jar
7f235da43000-7f235da46000 r--s 0001d000 fb:03 276440                     /home/fh/tools/tomcat/node01/lib/catalina-ha.jar
7f235da46000-7f235da49000 r--s 00018000 fb:03 276443                     /home/fh/tools/tomcat/node01/lib/jasper-el.jar
7f235da49000-7f235da58000 r--s 00113000 fb:03 276432                     /home/fh/tools/tomcat/node01/lib/catalina.jar
7f235da58000-7f235da64000 r--s 0014c000 fb:03 276445                     /home/fh/tools/tomcat/node01/lib/jasper-jdt.jar
7f235da64000-7f235da6b000 r-xp 00000000 fb:03 4017                       /usr/lib/jvm/java-6-openjdk/jre/lib/amd64/libmanagement.so
7f235da6b000-7f235dc6a000 ---p 00007000 fb:03 4017                       /usr/lib/jvm/java-6-openjdk/jre/lib/amd64/libmanagement.so
7f235dc6a000-7f235dc6b000 r--p 00006000 fb:03 4017                       /usr/lib/jvm/java-6-openjdk/jre/lib/amd64/libmanagement.so
7f235dc6b000-7f235dc6c000 rw-p 00007000 fb:03 4017                       /usr/lib/jvm/java-6-openjdk/jre/lib/amd64/libmanagement.so
7f235dc6c000-7f235dc6d000 ---p 00000000 00:00 0 
7f235dc6d000-7f235dd6d000 rw-p 00000000 00:00 0 
7f235dd6d000-7f235dd70000 ---p 00000000 00:00 0 
7f235dd70000-7f235de6e000 rw-p 00000000 00:00 0 
7f235de6e000-7f235de71000 ---p 00000000 00:00 0 
7f235de71000-7f235df6f000 rw-p 00000000 00:00 0 
7f235df6f000-7f235df72000 ---p 00000000 00:00 0 
7f235df72000-7f235e070000 rw-p 00000000 00:00 0 
7f235e070000-7f235e073000 ---p 00000000 00:00 0 
7f235e073000-7f235e171000 rw-p 00000000 00:00 0 
7f235e171000-7f235e174000 ---p 00000000 00:00 0 
7f235e174000-7f235e272000 rw-p 00000000 00:00 0 
7f235e272000-7f235e276000 r-xp 00000000 fb:03 4025                       /usr/lib/jvm/java-6-openjdk/jre/lib/amd64/libdt_socket.so
7f235e276000-7f235e475000 ---p 00004000 fb:03 4025                       /usr/lib/jvm/java-6-openjdk/jre/lib/amd64/libdt_socket.so
7f235e475000-7f235e476000 r--p 00003000 fb:03 4025                       /usr/lib/jvm/java-6-openjdk/jre/lib/amd64/libdt_socket.so
7f235e476000-7f235e477000 rw-p 00004000 fb:03 4025                       /usr/lib/jvm/java-6-openjdk/jre/lib/amd64/libdt_socket.so
7f235e477000-7f235e47a000 ---p 00000000 00:00 0 
7f235e47a000-7f235e578000 rw-p 00000000 00:00 0 
7f235e578000-7f235e57b000 ---p 00000000 00:00 0 
7f235e57b000-7f235e679000 rw-p 00000000 00:00 0 
7f235e679000-7f235e67c000 ---p 00000000 00:00 0 
7f235e67c000-7f235e77a000 rw-p 00000000 00:00 0 
7f235e77a000-7f235e77b000 ---p 00000000 00:00 0 
7f235e77b000-7f235e8ae000 rw-p 00000000 00:00 0 
7f235e8ae000-7f235ea40000 r--s 037bf000 fb:03 3985                       /usr/lib/jvm/java-6-openjdk/jre/lib/rt.jar
7f235ea40000-7f235ea6e000 rw-p 00000000 00:00 0 
7f235ea6e000-7f235ea70000 ---p 00000000 00:00 0 
7f235ea70000-7f235eaeb000 rw-p 00000000 00:00 0 
7f235eaeb000-7f235eb02000 rw-p 00000000 00:00 0 
7f235eb02000-7f235eb40000 rw-p 00000000 00:00 0 
7f235eb40000-7f235eb6e000 rw-p 00000000 00:00 0 
7f235eb6e000-7f235eb70000 ---p 00000000 00:00 0 
7f235eb70000-7f235ebeb000 rw-p 00000000 00:00 0 
7f235ebeb000-7f235ec0d000 rw-p 00000000 00:00 0 
7f235ec0d000-7f235ec3e000 rw-p 00000000 00:00 0 
7f235ec3e000-7f235ec62000 rw-p 00000000 00:00 0 
7f235ec62000-7f235ecff000 rw-p 00000000 00:00 0 
7f235ecff000-7f235f5af000 rwxp 00000000 00:00 0 
7f235f5af000-7f2361cff000 rw-p 00000000 00:00 0 
7f2361cff000-7f2361d06000 r-xp 00000000 fb:03 4008                       /usr/lib/jvm/java-6-openjdk/jre/lib/amd64/libzip.so
7f2361d06000-7f2361f05000 ---p 00007000 fb:03 4008                       /usr/lib/jvm/java-6-openjdk/jre/lib/amd64/libzip.so
7f2361f05000-7f2361f06000 r--p 00006000 fb:03 4008                       /usr/lib/jvm/java-6-openjdk/jre/lib/amd64/libzip.so
7f2361f06000-7f2361f07000 rw-p 00007000 fb:03 4008                       /usr/lib/jvm/java-6-openjdk/jre/lib/amd64/libzip.so
7f2361f07000-7f2361f13000 r-xp 00000000 fb:03 935                        /lib/libnss_files-2.11.1.so
7f2361f13000-7f2362112000 ---p 0000c000 fb:03 935                        /lib/libnss_files-2.11.1.so
7f2362112000-7f2362113000 r--p 0000b000 fb:03 935                        /lib/libnss_files-2.11.1.so
7f2362113000-7f2362114000 rw-p 0000c000 fb:03 935                        /lib/libnss_files-2.11.1.so
7f2362114000-7f236211e000 r-xp 00000000 fb:03 925                        /lib/libnss_nis-2.11.1.so
7f236211e000-7f236231d000 ---p 0000a000 fb:03 925                        /lib/libnss_nis-2.11.1.so
7f236231d000-7f236231e000 r--p 00009000 fb:03 925                        /lib/libnss_nis-2.11.1.so
7f236231e000-7f236231f000 rw-p 0000a000 fb:03 925                        /lib/libnss_nis-2.11.1.so
7f236231f000-7f2362327000 r-xp 00000000 fb:03 924                        /lib/libnss_compat-2.11.1.so
7f2362327000-7f2362526000 ---p 00008000 fb:03 924                        /lib/libnss_compat-2.11.1.so
7f2362526000-7f2362527000 r--p 00007000 fb:03 924                        /lib/libnss_compat-2.11.1.so
7f2362527000-7f2362528000 rw-p 00008000 fb:03 924                        /lib/libnss_compat-2.11.1.so
7f2362528000-7f2362646000 r--p 00000000 fb:03 9277                       /usr/lib/locale/en_IE.utf8/LC_COLLATE
7f2362646000-7f2362649000 r-xp 00000000 fb:03 4020                       /usr/lib/jvm/java-6-openjdk/jre/lib/amd64/libnpt.so
7f2362649000-7f2362848000 ---p 00003000 fb:03 4020                       /usr/lib/jvm/java-6-openjdk/jre/lib/amd64/libnpt.so
7f2362848000-7f2362849000 r--p 00002000 fb:03 4020                       /usr/lib/jvm/java-6-openjdk/jre/lib/amd64/libnpt.so
7f2362849000-7f236284a000 rw-p 00003000 fb:03 4020                       /usr/lib/jvm/java-6-openjdk/jre/lib/amd64/libnpt.so
7f236284a000-7f2362883000 r-xp 00000000 fb:03 4018                       /usr/lib/jvm/java-6-openjdk/jre/lib/amd64/libjdwp.so
7f2362883000-7f2362a82000 ---p 00039000 fb:03 4018                       /usr/lib/jvm/java-6-openjdk/jre/lib/amd64/libjdwp.so
7f2362a82000-7f2362a83000 r--p 00038000 fb:03 4018                       /usr/lib/jvm/java-6-openjdk/jre/lib/amd64/libjdwp.so
7f2362a83000-7f2362a84000 rw-p 00039000 fb:03 4018                       /usr/lib/jvm/java-6-openjdk/jre/lib/amd64/libjdwp.so
7f2362a84000-7f2362a9b000 r-xp 00000000 fb:03 916                        /lib/libnsl-2.11.1.so
7f2362a9b000-7f2362c9a000 ---p 00017000 fb:03 916                        /lib/libnsl-2.11.1.so
7f2362c9a000-7f2362c9b000 r--p 00016000 fb:03 916                        /lib/libnsl-2.11.1.so
7f2362c9b000-7f2362c9c000 rw-p 00017000 fb:03 916                        /lib/libnsl-2.11.1.so
7f2362c9c000-7f2362c9e000 rw-p 00000000 00:00 0 
7f2362c9e000-7f2362ccb000 r-xp 00000000 fb:03 3997                       /usr/lib/jvm/java-6-openjdk/jre/lib/amd64/libjava.so
7f2362ccb000-7f2362eca000 ---p 0002d000 fb:03 3997                       /usr/lib/jvm/java-6-openjdk/jre/lib/amd64/libjava.so
7f2362eca000-7f2362ecb000 r--p 0002c000 fb:03 3997                       /usr/lib/jvm/java-6-openjdk/jre/lib/amd64/libjava.so
7f2362ecb000-7f2362ece000 rw-p 0002d000 fb:03 3997                       /usr/lib/jvm/java-6-openjdk/jre/lib/amd64/libjava.so
7f2362ece000-7f2362edd000 r-xp 00000000 fb:03 4023                       /usr/lib/jvm/java-6-openjdk/jre/lib/amd64/libverify.so
7f2362edd000-7f23630dc000 ---p 0000f000 fb:03 4023                       /usr/lib/jvm/java-6-openjdk/jre/lib/amd64/libverify.so
7f23630dc000-7f23630de000 r--p 0000e000 fb:03 4023                       /usr/lib/jvm/java-6-openjdk/jre/lib/amd64/libverify.so
7f23630de000-7f23630df000 rw-p 00010000 fb:03 4023                       /usr/lib/jvm/java-6-openjdk/jre/lib/amd64/libverify.so
7f23630df000-7f23630e6000 r-xp 00000000 fb:03 920                        /lib/librt-2.11.1.so
7f23630e6000-7f23632e5000 ---p 00007000 fb:03 920                        /lib/librt-2.11.1.so
7f23632e5000-7f23632e6000 r--p 00006000 fb:03 920                        /lib/librt-2.11.1.so
7f23632e6000-7f23632e7000 rw-p 00007000 fb:03 920                        /lib/librt-2.11.1.so
7f23632e7000-7f23632fd000 r-xp 00000000 fb:03 795                        /lib/libgcc_s.so.1
7f23632fd000-7f23634fc000 ---p 00016000 fb:03 795                        /lib/libgcc_s.so.1
7f23634fc000-7f23634fd000 r--p 00015000 fb:03 795                        /lib/libgcc_s.so.1
7f23634fd000-7f23634fe000 rw-p 00016000 fb:03 795                        /lib/libgcc_s.so.1
7f23634fe000-7f2363580000 r-xp 00000000 fb:03 915                        /lib/libm-2.11.1.so
7f2363580000-7f236377f000 ---p 00082000 fb:03 915                        /lib/libm-2.11.1.so
7f236377f000-7f2363780000 r--p 00081000 fb:03 915                        /lib/libm-2.11.1.so
7f2363780000-7f2363781000 rw-p 00082000 fb:03 915                        /lib/libm-2.11.1.so
7f2363781000-7f2363877000 r-xp 00000000 fb:03 970                        /usr/lib/libstdc++.so.6.0.13
7f2363877000-7f2363a77000 ---p 000f6000 fb:03 970                        /usr/lib/libstdc++.so.6.0.13
7f2363a77000-7f2363a7e000 r--p 000f6000 fb:03 970                        /usr/lib/libstdc++.so.6.0.13
7f2363a7e000-7f2363a80000 rw-p 000fd000 fb:03 970                        /usr/lib/libstdc++.so.6.0.13
7f2363a80000-7f2363a95000 rw-p 00000000 00:00 0 
7f2363a95000-7f23643d4000 r-xp 00000000 fb:03 3990                       /usr/lib/jvm/java-6-openjdk/jre/lib/amd64/server/libjvm.so
7f23643d4000-7f23645d3000 ---p 0093f000 fb:03 3990                       /usr/lib/jvm/java-6-openjdk/jre/lib/amd64/server/libjvm.so
7f23645d3000-7f2364654000 r--p 0093e000 fb:03 3990                       /usr/lib/jvm/java-6-openjdk/jre/lib/amd64/server/libjvm.so
7f2364654000-7f236466f000 rw-p 009bf000 fb:03 3990                       /usr/lib/jvm/java-6-openjdk/jre/lib/amd64/server/libjvm.so
7f236466f000-7f2364697000 rw-p 00000000 00:00 0 
7f2364697000-7f2364811000 r-xp 00000000 fb:03 932                        /lib/libc-2.11.1.so
7f2364811000-7f2364a10000 ---p 0017a000 fb:03 932                        /lib/libc-2.11.1.so
7f2364a10000-7f2364a14000 r--p 00179000 fb:03 932                        /lib/libc-2.11.1.so
7f2364a14000-7f2364a15000 rw-p 0017d000 fb:03 932                        /lib/libc-2.11.1.so
7f2364a15000-7f2364a1a000 rw-p 00000000 00:00 0 
7f2364a1a000-7f2364a1c000 r-xp 00000000 fb:03 936                        /lib/libdl-2.11.1.so
7f2364a1c000-7f2364c1c000 ---p 00002000 fb:03 936                        /lib/libdl-2.11.1.so
7f2364c1c000-7f2364c1d000 r--p 00002000 fb:03 936                        /lib/libdl-2.11.1.so
7f2364c1d000-7f2364c1e000 rw-p 00003000 fb:03 936                        /lib/libdl-2.11.1.so
7f2364c1e000-7f2364c22000 r-xp 00000000 fb:03 4007                       /usr/lib/jvm/java-6-openjdk/jre/lib/amd64/jli/libjli.so
7f2364c22000-7f2364e21000 ---p 00004000 fb:03 4007                       /usr/lib/jvm/java-6-openjdk/jre/lib/amd64/jli/libjli.so
7f2364e21000-7f2364e22000 r--p 00003000 fb:03 4007                       /usr/lib/jvm/java-6-openjdk/jre/lib/amd64/jli/libjli.so
7f2364e22000-7f2364e23000 rw-p 00004000 fb:03 4007                       /usr/lib/jvm/java-6-openjdk/jre/lib/amd64/jli/libjli.so
7f2364e23000-7f2364e3b000 r-xp 00000000 fb:03 930                        /lib/libpthread-2.11.1.so
7f2364e3b000-7f236503a000 ---p 00018000 fb:03 930                        /lib/libpthread-2.11.1.so
7f236503a000-7f236503b000 r--p 00017000 fb:03 930                        /lib/libpthread-2.11.1.so
7f236503b000-7f236503c000 rw-p 00018000 fb:03 930                        /lib/libpthread-2.11.1.so
7f236503c000-7f2365040000 rw-p 00000000 00:00 0 
7f2365040000-7f2365056000 r-xp 00000000 fb:03 4403                       /lib/libz.so.1.2.3.3
7f2365056000-7f2365255000 ---p 00016000 fb:03 4403                       /lib/libz.so.1.2.3.3
7f2365255000-7f2365256000 r--p 00015000 fb:03 4403                       /lib/libz.so.1.2.3.3
7f2365256000-7f2365257000 rw-p 00016000 fb:03 4403                       /lib/libz.so.1.2.3.3
7f2365257000-7f2365277000 r-xp 00000000 fb:03 917                        /lib/ld-2.11.1.so
7f2365278000-7f236527d000 r--s 00035000 fb:03 276446                     /home/fh/tools/tomcat/node01/lib/catalina-tribes.jar
7f236527d000-7f2365285000 r--s 00079000 fb:03 276438                     /home/fh/tools/tomcat/node01/lib/jasper.jar
7f2365285000-7f2365287000 r--s 00011000 fb:03 276434                     /home/fh/tools/tomcat/node01/lib/jsp-api.jar
7f2365287000-7f2365289000 r--s 00014000 fb:03 276442                     /home/fh/tools/tomcat/node01/lib/servlet-api.jar
7f2365289000-7f236528d000 r--s 00035000 fb:03 276436                     /home/fh/tools/tomcat/node01/lib/tomcat-dbcp.jar
7f236528d000-7f236528e000 r--s 00006000 fb:03 276462                     /home/fh/tools/tomcat/node01/bin/tomcat-juli.jar
7f236528e000-7f2365290000 r--s 00001000 fb:03 276465                     /home/fh/tools/tomcat/node01/bin/commons-daemon.jar
7f2365290000-7f2365293000 r--s 0007d000 fb:03 3815                       /usr/lib/jvm/java-6-openjdk/jre/lib/jsse.jar
7f2365293000-7f2365295000 r--s 00004000 fb:03 276461                     /home/fh/tools/tomcat/node01/bin/bootstrap.jar
7f2365295000-7f2365297000 r--s 0000f000 fb:03 3833                       /usr/lib/jvm/java-6-openjdk/jre/lib/ext/pulse-java.jar
7f2365297000-7f23652e2000 rw-p 00000000 00:00 0 
7f23652e2000-7f2365314000 rw-p 00000000 00:00 0 
7f2365314000-7f236531c000 rw-s 00000000 fb:03 277511                     /tmp/hsperfdata_fh/2943
7f236531c000-7f236535b000 r--p 00000000 fb:03 14                         /usr/lib/locale/en_IE.utf8/LC_CTYPE
7f236535b000-7f236535c000 r--p 00000000 fb:03 9275                       /usr/lib/locale/en_IE.utf8/LC_NUMERIC
7f236535c000-7f236535d000 r--p 00000000 fb:03 9276                       /usr/lib/locale/en_IE.utf8/LC_TIME
7f236535d000-7f236535e000 r--p 00000000 fb:03 9278                       /usr/lib/locale/en_IE.utf8/LC_MONETARY
7f236535e000-7f236535f000 r--p 00000000 fb:03 9280                       /usr/lib/locale/en_IE.utf8/LC_MESSAGES/SYS_LC_MESSAGES
7f236535f000-7f2365360000 r--p 00000000 fb:03 9281                       /usr/lib/locale/en_IE.utf8/LC_PAPER
7f2365360000-7f2365361000 r--p 00000000 fb:03 9282                       /usr/lib/locale/en_IE.utf8/LC_NAME
7f2365361000-7f2365362000 r--p 00000000 fb:03 9283                       /usr/lib/locale/en_IE.utf8/LC_ADDRESS
7f2365362000-7f2365369000 r--s 00000000 fb:03 19414                      /usr/lib/gconv/gconv-modules.cache
7f2365369000-7f236536c000 ---p 00000000 00:00 0 
7f236536c000-7f236546f000 rw-p 00000000 00:00 0 
7f236546f000-7f2365470000 r--p 00000000 fb:03 9284                       /usr/lib/locale/en_IE.utf8/LC_TELEPHONE
7f2365470000-7f2365471000 r--p 00000000 fb:03 9285                       /usr/lib/locale/en_IE.utf8/LC_MEASUREMENT
7f2365471000-7f2365472000 r--p 00000000 fb:03 9286                       /usr/lib/locale/en_IE.utf8/LC_IDENTIFICATION
7f2365472000-7f2365473000 rw-p 00000000 00:00 0 
7f2365473000-7f2365474000 ---p 00000000 00:00 0 
7f2365474000-7f2365476000 rw-p 00000000 00:00 0 
7f2365476000-7f2365477000 r--p 0001f000 fb:03 917                        /lib/ld-2.11.1.so
7f2365477000-7f2365478000 rw-p 00020000 fb:03 917                        /lib/ld-2.11.1.so
7f2365478000-7f2365479000 rw-p 00000000 00:00 0 
7fff1a272000-7fff1a287000 rw-p 00000000 00:00 0                          [stack]
7fff1a3ff000-7fff1a400000 r-xp 00000000 00:00 0                          [vdso]
ffffffffff600000-ffffffffff601000 r-xp 00000000 00:00 0                  [vsyscall]

VM Arguments:
jvm_args: -Djava.util.logging.config.file=/home/fh/tools/tomcat/node01/conf/logging.properties -Xmx512m -Dfeedhenry.node=node01 -Dfh.cluster.override=/etc/feedhenry/cluster-override.properties -Djava.util.logging.manager=org.apache.juli.ClassLoaderLogManager -agentlib:jdwp=transport=dt_socket,address=8002,server=y,suspend=n -Djava.endorsed.dirs=/home/fh/tools/tomcat/node01/endorsed -Dcatalina.base=/home/fh/tools/tomcat/node01 -Dcatalina.home=/home/fh/tools/tomcat/node01 -Djava.io.tmpdir=/home/fh/tools/tomcat/node01/temp 
java_command: org.apache.catalina.startup.Bootstrap start
Launcher Type: SUN_STANDARD

Environment Variables:
PATH=/usr/local/sbin:/usr/local/bin:/usr/sbin:/usr/bin:/sbin:/bin:/usr/games:/home/fh/millicore/bin
LD_LIBRARY_PATH=/usr/lib/jvm/java-6-openjdk/jre/lib/amd64/server:/usr/lib/jvm/java-6-openjdk/jre/lib/amd64:/usr/lib/jvm/java-6-openjdk/jre/../lib/amd64
SHELL=/bin/bash

Signal Handlers:
SIGSEGV: [libjvm.so+0x7cff30], sa_mask[0]=0x7ffbfeff, sa_flags=0x10000004
SIGBUS: [libjvm.so+0x7cff30], sa_mask[0]=0x7ffbfeff, sa_flags=0x10000004
SIGFPE: [libjvm.so+0x68d2c0], sa_mask[0]=0x7ffbfeff, sa_flags=0x10000004
SIGPIPE: SIG_IGN, sa_mask[0]=0x00000000, sa_flags=0x00000000
SIGXFSZ: [libjvm.so+0x68d2c0], sa_mask[0]=0x7ffbfeff, sa_flags=0x10000004
SIGILL: [libjvm.so+0x68d2c0], sa_mask[0]=0x7ffbfeff, sa_flags=0x10000004
SIGUSR1: SIG_DFL, sa_mask[0]=0x00000000, sa_flags=0x00000000
SIGUSR2: [libjvm.so+0x68ca70], sa_mask[0]=0x00000000, sa_flags=0x10000004
SIGHUP: [libjvm.so+0x68f0d0], sa_mask[0]=0x7ffbfeff, sa_flags=0x10000004
SIGINT: SIG_IGN, sa_mask[0]=0x00000000, sa_flags=0x00000000
SIGTERM: [libjvm.so+0x68f0d0], sa_mask[0]=0x7ffbfeff, sa_flags=0x10000004
SIGQUIT: [libjvm.so+0x68f0d0], sa_mask[0]=0x7ffbfeff, sa_flags=0x10000004


---------------  S Y S T E M  ---------------

OS:Ubuntu 10.04 (lucid)
uname:Linux 2.6.32-38-server #83-Ubuntu SMP Wed Jan 4 11:26:59 UTC 2012 x86_64
libc:glibc 2.11.1 NPTL 2.11.1 
rlimit: STACK 8192k, CORE 0k, NPROC infinity, NOFILE 1024, AS infinity
load average:6.35 2.01 1.22

/proc/meminfo:
MemTotal:        2057624 kB
MemFree:          474312 kB
Buffers:          179404 kB
Cached:           738760 kB
SwapCached:            0 kB
Active:           985052 kB
Inactive:         421592 kB
Active(anon):     489788 kB
Inactive(anon):     1344 kB
Active(file):     495264 kB
Inactive(file):   420248 kB
Unevictable:           0 kB
Mlocked:               0 kB
SwapTotal:        397304 kB
SwapFree:         397304 kB
Dirty:               112 kB
Writeback:            36 kB
AnonPages:        488476 kB
Mapped:            36276 kB
Shmem:              2656 kB
Slab:             123252 kB
SReclaimable:     113016 kB
SUnreclaim:        10236 kB
KernelStack:        2120 kB
PageTables:         5156 kB
NFS_Unstable:          0 kB
Bounce:                0 kB
WritebackTmp:          0 kB
CommitLimit:     1426116 kB
Committed_AS:    1421632 kB
VmallocTotal:   34359738367 kB
VmallocUsed:       11412 kB
VmallocChunk:   34359717708 kB
HardwareCorrupted:     0 kB
HugePages_Total:       0
HugePages_Free:        0
HugePages_Rsvd:        0
HugePages_Surp:        0
Hugepagesize:       2048 kB
DirectMap4k:        8128 kB
DirectMap2M:     2088960 kB


CPU:total 1 (1 cores per cpu, 1 threads per core) family 6 model 42 stepping 7, cmov, cx8, fxsr, mmx, sse, sse2, sse3, ssse3

Memory: 4k page, physical 2057624k(474312k free), swap 397304k(397304k free)

vm_info: OpenJDK 64-Bit Server VM (20.0-b12) for linux-amd64 JRE (1.6.0_24-b24), built on Sep  1 2012 09:58:05 by "buildd" with gcc 4.4.3

time: Wed Oct 31 07:03:56 2012
elapsed time: 17668 seconds

